{"C:\\Users\\DELL\\Documents\\APPS\\flux\\fluxpay\\main\\backend\\src\\config\\solana.ts": {"path":"C:\\Users\\DELL\\Documents\\APPS\\flux\\fluxpay\\main\\backend\\src\\config\\solana.ts","statementMap":{"0":{"start":{"line":64,"column":0},"end":{"line":64,"column":16}},"1":{"start":{"line":75,"column":0},"end":{"line":75,"column":7}},"2":{"start":{"line":110,"column":0},"end":{"line":110,"column":7}},"3":{"start":{"line":144,"column":0},"end":{"line":144,"column":16}},"4":{"start":{"line":151,"column":0},"end":{"line":151,"column":16}},"5":{"start":{"line":158,"column":0},"end":{"line":158,"column":16}},"6":{"start":{"line":1,"column":0},"end":{"line":1,"column":41}},"7":{"start":{"line":11,"column":0},"end":{"line":11,"column":57}},"8":{"start":{"line":12,"column":0},"end":{"line":12,"column":57}},"9":{"start":{"line":16,"column":23},"end":{"line":16,"column":61}},"10":{"start":{"line":23,"column":2},"end":{"line":29,"column":3}},"11":{"start":{"line":24,"column":4},"end":{"line":28,"column":22}},"12":{"start":{"line":31,"column":2},"end":{"line":33,"column":4}},"13":{"start":{"line":38,"column":40},"end":{"line":38,"column":44}},"14":{"start":{"line":45,"column":2},"end":{"line":57,"column":3}},"15":{"start":{"line":46,"column":22},"end":{"line":46,"column":39}},"16":{"start":{"line":47,"column":4},"end":{"line":53,"column":6}},"17":{"start":{"line":49,"column":8},"end":{"line":52,"column":10}},"18":{"start":{"line":54,"column":4},"end":{"line":56,"column":6}},"19":{"start":{"line":58,"column":2},"end":{"line":58,"column":22}},"20":{"start":{"line":65,"column":2},"end":{"line":65,"column":29}},"21":{"start":{"line":78,"column":22},"end":{"line":78,"column":38}},"22":{"start":{"line":79,"column":32},"end":{"line":79,"column":36}},"23":{"start":{"line":81,"column":2},"end":{"line":97,"column":3}},"24":{"start":{"line":81,"column":15},"end":{"line":81,"column":16}},"25":{"start":{"line":82,"column":4},"end":{"line":96,"column":5}},"26":{"start":{"line":83,"column":6},"end":{"line":83,"column":38}},"27":{"start":{"line":85,"column":6},"end":{"line":85,"column":24}},"28":{"start":{"line":86,"column":6},"end":{"line":88,"column":8}},"29":{"start":{"line":89,"column":6},"end":{"line":95,"column":7}},"30":{"start":{"line":90,"column":8},"end":{"line":94,"column":30}},"31":{"start":{"line":99,"column":2},"end":{"line":99,"column":59}},"32":{"start":{"line":111,"column":2},"end":{"line":136,"column":3}},"33":{"start":{"line":112,"column":23},"end":{"line":112,"column":38}},"34":{"start":{"line":113,"column":17},"end":{"line":113,"column":63}},"35":{"start":{"line":115,"column":4},"end":{"line":117,"column":5}},"36":{"start":{"line":116,"column":6},"end":{"line":116,"column":19}},"37":{"start":{"line":120,"column":23},"end":{"line":123,"column":28}},"38":{"start":{"line":121,"column":18},"end":{"line":121,"column":37}},"39":{"start":{"line":122,"column":21},"end":{"line":122,"column":26}},"40":{"start":{"line":123,"column":22},"end":{"line":123,"column":27}},"41":{"start":{"line":125,"column":4},"end":{"line":127,"column":5}},"42":{"start":{"line":126,"column":6},"end":{"line":126,"column":19}},"43":{"start":{"line":129,"column":19},"end":{"line":129,"column":64}},"44":{"start":{"line":132,"column":4},"end":{"line":132,"column":37}},"45":{"start":{"line":134,"column":4},"end":{"line":134,"column":79}},"46":{"start":{"line":135,"column":4},"end":{"line":135,"column":17}},"47":{"start":{"line":145,"column":2},"end":{"line":145,"column":24}},"48":{"start":{"line":152,"column":2},"end":{"line":152,"column":75}},"49":{"start":{"line":159,"column":15},"end":{"line":159,"column":39}},"50":{"start":{"line":160,"column":17},"end":{"line":160,"column":53}},"51":{"start":{"line":161,"column":2},"end":{"line":161,"column":40}}},"fnMap":{"0":{"name":"getRpcEndpoints","decl":{"start":{"line":22,"column":9},"end":{"line":22,"column":24}},"loc":{"start":{"line":22,"column":24},"end":{"line":34,"column":1}}},"1":{"name":"getConnections","decl":{"start":{"line":44,"column":9},"end":{"line":44,"column":23}},"loc":{"start":{"line":44,"column":23},"end":{"line":59,"column":1}}},"2":{"name":"(anonymous_2)","decl":{"start":{"line":48,"column":6},"end":{"line":48,"column":7}},"loc":{"start":{"line":49,"column":8},"end":{"line":52,"column":10}}},"3":{"name":"getConnection","decl":{"start":{"line":64,"column":16},"end":{"line":64,"column":29}},"loc":{"start":{"line":64,"column":29},"end":{"line":66,"column":1}}},"4":{"name":"withFailover","decl":{"start":{"line":75,"column":22},"end":{"line":75,"column":34}},"loc":{"start":{"line":76,"column":44},"end":{"line":100,"column":1}}},"5":{"name":"getRecommendedPriorityFee","decl":{"start":{"line":110,"column":22},"end":{"line":110,"column":47}},"loc":{"start":{"line":110,"column":47},"end":{"line":137,"column":1}}},"6":{"name":"(anonymous_6)","decl":{"start":{"line":121,"column":11},"end":{"line":121,"column":12}},"loc":{"start":{"line":121,"column":18},"end":{"line":121,"column":37}}},"7":{"name":"(anonymous_7)","decl":{"start":{"line":122,"column":14},"end":{"line":122,"column":15}},"loc":{"start":{"line":122,"column":21},"end":{"line":122,"column":26}}},"8":{"name":"(anonymous_8)","decl":{"start":{"line":123,"column":12},"end":{"line":123,"column":13}},"loc":{"start":{"line":123,"column":22},"end":{"line":123,"column":27}}},"9":{"name":"getNetwork","decl":{"start":{"line":144,"column":16},"end":{"line":144,"column":26}},"loc":{"start":{"line":144,"column":26},"end":{"line":146,"column":1}}},"10":{"name":"isMainnet","decl":{"start":{"line":151,"column":16},"end":{"line":151,"column":25}},"loc":{"start":{"line":151,"column":25},"end":{"line":153,"column":1}}},"11":{"name":"getSolscanUrl","decl":{"start":{"line":158,"column":16},"end":{"line":158,"column":29}},"loc":{"start":{"line":158,"column":47},"end":{"line":162,"column":1}}}},"branchMap":{"0":{"loc":{"start":{"line":16,"column":23},"end":{"line":16,"column":61}},"type":"binary-expr","locations":[{"start":{"line":16,"column":23},"end":{"line":16,"column":49}},{"start":{"line":16,"column":53},"end":{"line":16,"column":61}}]},"1":{"loc":{"start":{"line":23,"column":2},"end":{"line":29,"column":3}},"type":"if","locations":[{"start":{"line":23,"column":2},"end":{"line":29,"column":3}}]},"2":{"loc":{"start":{"line":23,"column":6},"end":{"line":23,"column":71}},"type":"binary-expr","locations":[{"start":{"line":23,"column":6},"end":{"line":23,"column":34}},{"start":{"line":23,"column":38},"end":{"line":23,"column":71}}]},"3":{"loc":{"start":{"line":25,"column":6},"end":{"line":25,"column":77}},"type":"binary-expr","locations":[{"start":{"line":25,"column":6},"end":{"line":25,"column":36}},{"start":{"line":25,"column":40},"end":{"line":25,"column":77}}]},"4":{"loc":{"start":{"line":26,"column":6},"end":{"line":26,"column":79}},"type":"binary-expr","locations":[{"start":{"line":26,"column":6},"end":{"line":26,"column":38}},{"start":{"line":26,"column":42},"end":{"line":26,"column":79}}]},"5":{"loc":{"start":{"line":27,"column":6},"end":{"line":27,"column":78}},"type":"binary-expr","locations":[{"start":{"line":27,"column":6},"end":{"line":27,"column":37}},{"start":{"line":27,"column":41},"end":{"line":27,"column":78}}]},"6":{"loc":{"start":{"line":32,"column":4},"end":{"line":32,"column":68}},"type":"binary-expr","locations":[{"start":{"line":32,"column":4},"end":{"line":32,"column":33}},{"start":{"line":32,"column":37},"end":{"line":32,"column":68}}]},"7":{"loc":{"start":{"line":45,"column":2},"end":{"line":57,"column":3}},"type":"if","locations":[{"start":{"line":45,"column":2},"end":{"line":57,"column":3}}]},"8":{"loc":{"start":{"line":89,"column":6},"end":{"line":95,"column":7}},"type":"if","locations":[{"start":{"line":89,"column":6},"end":{"line":95,"column":7}}]},"9":{"loc":{"start":{"line":99,"column":8},"end":{"line":99,"column":58}},"type":"binary-expr","locations":[{"start":{"line":99,"column":8},"end":{"line":99,"column":17}},{"start":{"line":99,"column":21},"end":{"line":99,"column":58}}]},"10":{"loc":{"start":{"line":115,"column":4},"end":{"line":117,"column":5}},"type":"if","locations":[{"start":{"line":115,"column":4},"end":{"line":117,"column":5}}]},"11":{"loc":{"start":{"line":115,"column":8},"end":{"line":115,"column":34}},"type":"binary-expr","locations":[{"start":{"line":115,"column":8},"end":{"line":115,"column":13}},{"start":{"line":115,"column":17},"end":{"line":115,"column":34}}]},"12":{"loc":{"start":{"line":125,"column":4},"end":{"line":127,"column":5}},"type":"if","locations":[{"start":{"line":125,"column":4},"end":{"line":127,"column":5}}]},"13":{"loc":{"start":{"line":152,"column":9},"end":{"line":152,"column":74}},"type":"binary-expr","locations":[{"start":{"line":152,"column":9},"end":{"line":152,"column":37}},{"start":{"line":152,"column":41},"end":{"line":152,"column":74}}]},"14":{"loc":{"start":{"line":160,"column":17},"end":{"line":160,"column":53}},"type":"cond-expr","locations":[{"start":{"line":160,"column":31},"end":{"line":160,"column":33}},{"start":{"line":160,"column":36},"end":{"line":160,"column":53}}]}},"s":{"0":1,"1":1,"2":1,"3":1,"4":1,"5":1,"6":1,"7":1,"8":1,"9":1,"10":0,"11":0,"12":0,"13":1,"14":0,"15":0,"16":0,"17":0,"18":0,"19":0,"20":0,"21":0,"22":0,"23":0,"24":0,"25":0,"26":0,"27":0,"28":0,"29":0,"30":0,"31":0,"32":0,"33":0,"34":0,"35":0,"36":0,"37":0,"38":0,"39":0,"40":0,"41":0,"42":0,"43":0,"44":0,"45":0,"46":0,"47":0,"48":0,"49":0,"50":0,"51":0},"f":{"0":0,"1":0,"2":0,"3":0,"4":0,"5":0,"6":0,"7":0,"8":0,"9":0,"10":0,"11":0},"b":{"0":[1,0],"1":[0],"2":[0,0],"3":[0,0],"4":[0,0],"5":[0,0],"6":[0,0],"7":[0],"8":[0],"9":[0,0],"10":[0],"11":[0,0],"12":[0],"13":[0,0],"14":[0,0]}}
,"C:\\Users\\DELL\\Documents\\APPS\\flux\\fluxpay\\main\\backend\\src\\middleware\\auth.middleware.ts": {"path":"C:\\Users\\DELL\\Documents\\APPS\\flux\\fluxpay\\main\\backend\\src\\middleware\\auth.middleware.ts","statementMap":{"0":{"start":{"line":1,"column":0},"end":{"line":1,"column":41}},"1":{"start":{"line":3,"column":0},"end":{"line":3,"column":46}},"2":{"start":{"line":4,"column":0},"end":{"line":4,"column":43}},"3":{"start":{"line":7,"column":15},"end":{"line":7,"column":33}},"4":{"start":{"line":13,"column":27},"end":{"line":66,"column":1}},"5":{"start":{"line":18,"column":2},"end":{"line":65,"column":3}},"6":{"start":{"line":19,"column":23},"end":{"line":19,"column":48}},"7":{"start":{"line":21,"column":4},"end":{"line":24,"column":5}},"8":{"start":{"line":22,"column":6},"end":{"line":22,"column":59}},"9":{"start":{"line":23,"column":6},"end":{"line":23,"column":13}},"10":{"start":{"line":26,"column":18},"end":{"line":26,"column":51}},"11":{"start":{"line":29,"column":20},"end":{"line":29,"column":38}},"12":{"start":{"line":30,"column":4},"end":{"line":33,"column":5}},"13":{"start":{"line":31,"column":6},"end":{"line":31,"column":66}},"14":{"start":{"line":32,"column":6},"end":{"line":32,"column":13}},"15":{"start":{"line":36,"column":20},"end":{"line":39,"column":6}},"16":{"start":{"line":41,"column":4},"end":{"line":44,"column":5}},"17":{"start":{"line":42,"column":6},"end":{"line":42,"column":81}},"18":{"start":{"line":43,"column":6},"end":{"line":43,"column":13}},"19":{"start":{"line":46,"column":4},"end":{"line":51,"column":5}},"20":{"start":{"line":48,"column":6},"end":{"line":48,"column":65}},"21":{"start":{"line":49,"column":6},"end":{"line":49,"column":79}},"22":{"start":{"line":50,"column":6},"end":{"line":50,"column":13}},"23":{"start":{"line":54,"column":4},"end":{"line":59,"column":6}},"24":{"start":{"line":61,"column":4},"end":{"line":61,"column":11}},"25":{"start":{"line":63,"column":4},"end":{"line":63,"column":50}},"26":{"start":{"line":64,"column":4},"end":{"line":64,"column":61}},"27":{"start":{"line":13,"column":13},"end":{"line":13,"column":27}}},"fnMap":{"0":{"name":"(anonymous_0)","decl":{"start":{"line":13,"column":27},"end":{"line":13,"column":32}},"loc":{"start":{"line":17,"column":19},"end":{"line":66,"column":1}}}},"branchMap":{"0":{"loc":{"start":{"line":21,"column":4},"end":{"line":24,"column":5}},"type":"if","locations":[{"start":{"line":21,"column":4},"end":{"line":24,"column":5}}]},"1":{"loc":{"start":{"line":21,"column":8},"end":{"line":21,"column":56}},"type":"binary-expr","locations":[{"start":{"line":21,"column":8},"end":{"line":21,"column":19}},{"start":{"line":21,"column":23},"end":{"line":21,"column":56}}]},"2":{"loc":{"start":{"line":30,"column":4},"end":{"line":33,"column":5}},"type":"if","locations":[{"start":{"line":30,"column":4},"end":{"line":33,"column":5}}]},"3":{"loc":{"start":{"line":41,"column":4},"end":{"line":44,"column":5}},"type":"if","locations":[{"start":{"line":41,"column":4},"end":{"line":44,"column":5}}]},"4":{"loc":{"start":{"line":46,"column":4},"end":{"line":51,"column":5}},"type":"if","locations":[{"start":{"line":46,"column":4},"end":{"line":51,"column":5}}]}},"s":{"0":1,"1":1,"2":1,"3":1,"4":1,"5":4,"6":4,"7":4,"8":1,"9":1,"10":3,"11":3,"12":3,"13":1,"14":1,"15":2,"16":2,"17":0,"18":0,"19":2,"20":1,"21":1,"22":1,"23":1,"24":1,"25":0,"26":0,"27":1},"f":{"0":4},"b":{"0":[1],"1":[4,3],"2":[1],"3":[0],"4":[1]}}
,"C:\\Users\\DELL\\Documents\\APPS\\flux\\fluxpay\\main\\backend\\src\\middleware\\idempotency.ts": {"path":"C:\\Users\\DELL\\Documents\\APPS\\flux\\fluxpay\\main\\backend\\src\\middleware\\idempotency.ts","statementMap":{"0":{"start":{"line":2,"column":0},"end":{"line":2,"column":57}},"1":{"start":{"line":3,"column":0},"end":{"line":3,"column":41}},"2":{"start":{"line":5,"column":37},"end":{"line":49,"column":1}},"3":{"start":{"line":6,"column":25},"end":{"line":6,"column":55}},"4":{"start":{"line":8,"column":2},"end":{"line":11,"column":3}},"5":{"start":{"line":9,"column":4},"end":{"line":9,"column":92}},"6":{"start":{"line":10,"column":4},"end":{"line":10,"column":11}},"7":{"start":{"line":13,"column":2},"end":{"line":16,"column":3}},"8":{"start":{"line":14,"column":4},"end":{"line":14,"column":70}},"9":{"start":{"line":15,"column":4},"end":{"line":15,"column":11}},"10":{"start":{"line":20,"column":22},"end":{"line":20,"column":61}},"11":{"start":{"line":21,"column":19},"end":{"line":21,"column":90}},"12":{"start":{"line":23,"column":2},"end":{"line":48,"column":3}},"13":{"start":{"line":25,"column":27},"end":{"line":25,"column":94}},"14":{"start":{"line":27,"column":4},"end":{"line":32,"column":5}},"15":{"start":{"line":28,"column":25},"end":{"line":28,"column":53}},"16":{"start":{"line":29,"column":6},"end":{"line":29,"column":93}},"17":{"start":{"line":30,"column":6},"end":{"line":30,"column":70}},"18":{"start":{"line":31,"column":6},"end":{"line":31,"column":13}},"19":{"start":{"line":35,"column":25},"end":{"line":35,"column":43}},"20":{"start":{"line":36,"column":4},"end":{"line":43,"column":6}},"21":{"start":{"line":39,"column":6},"end":{"line":41,"column":9}},"22":{"start":{"line":40,"column":8},"end":{"line":40,"column":80}},"23":{"start":{"line":42,"column":6},"end":{"line":42,"column":32}},"24":{"start":{"line":45,"column":4},"end":{"line":45,"column":11}},"25":{"start":{"line":47,"column":4},"end":{"line":47,"column":16}},"26":{"start":{"line":5,"column":13},"end":{"line":5,"column":37}}},"fnMap":{"0":{"name":"(anonymous_0)","decl":{"start":{"line":5,"column":37},"end":{"line":5,"column":42}},"loc":{"start":{"line":5,"column":110},"end":{"line":49,"column":1}}},"1":{"name":"(anonymous_1)","decl":{"start":{"line":36,"column":15},"end":{"line":36,"column":16}},"loc":{"start":{"line":36,"column":39},"end":{"line":43,"column":5}}},"2":{"name":"(anonymous_2)","decl":{"start":{"line":39,"column":91},"end":{"line":39,"column":94}},"loc":{"start":{"line":39,"column":97},"end":{"line":41,"column":7}}}},"branchMap":{"0":{"loc":{"start":{"line":8,"column":2},"end":{"line":11,"column":3}},"type":"if","locations":[{"start":{"line":8,"column":2},"end":{"line":11,"column":3}}]},"1":{"loc":{"start":{"line":13,"column":2},"end":{"line":16,"column":3}},"type":"if","locations":[{"start":{"line":13,"column":2},"end":{"line":16,"column":3}}]},"2":{"loc":{"start":{"line":20,"column":22},"end":{"line":20,"column":61}},"type":"binary-expr","locations":[{"start":{"line":20,"column":22},"end":{"line":20,"column":46}},{"start":{"line":20,"column":50},"end":{"line":20,"column":61}}]},"3":{"loc":{"start":{"line":27,"column":4},"end":{"line":32,"column":5}},"type":"if","locations":[{"start":{"line":27,"column":4},"end":{"line":32,"column":5}}]},"4":{"loc":{"start":{"line":28,"column":25},"end":{"line":28,"column":53}},"type":"binary-expr","locations":[{"start":{"line":28,"column":25},"end":{"line":28,"column":43}},{"start":{"line":28,"column":47},"end":{"line":28,"column":53}}]}},"s":{"0":1,"1":1,"2":1,"3":3,"4":3,"5":1,"6":1,"7":2,"8":0,"9":0,"10":2,"11":2,"12":2,"13":2,"14":2,"15":1,"16":1,"17":1,"18":1,"19":1,"20":1,"21":1,"22":0,"23":1,"24":1,"25":0,"26":1},"f":{"0":3,"1":1,"2":0},"b":{"0":[1],"1":[0],"2":[2,2],"3":[1],"4":[1,1]}}
,"C:\\Users\\DELL\\Documents\\APPS\\flux\\fluxpay\\main\\backend\\src\\services\\alert.service.ts": {"path":"C:\\Users\\DELL\\Documents\\APPS\\flux\\fluxpay\\main\\backend\\src\\services\\alert.service.ts","statementMap":{"0":{"start":{"line":1,"column":0},"end":{"line":1,"column":41}},"1":{"start":{"line":2,"column":37},"end":{"line":2,"column":98}},"2":{"start":{"line":3,"column":39},"end":{"line":3,"column":102}},"3":{"start":{"line":25,"column":23},"end":{"line":25,"column":54}},"4":{"start":{"line":26,"column":4},"end":{"line":29,"column":5}},"5":{"start":{"line":27,"column":6},"end":{"line":27,"column":88}},"6":{"start":{"line":28,"column":6},"end":{"line":28,"column":13}},"7":{"start":{"line":31,"column":4},"end":{"line":43,"column":5}},"8":{"start":{"line":32,"column":23},"end":{"line":36,"column":8}},"9":{"start":{"line":38,"column":6},"end":{"line":40,"column":7}},"10":{"start":{"line":39,"column":8},"end":{"line":39,"column":102}},"11":{"start":{"line":42,"column":6},"end":{"line":42,"column":82}},"12":{"start":{"line":48,"column":4},"end":{"line":58,"column":7}},"13":{"start":{"line":63,"column":4},"end":{"line":73,"column":7}},"14":{"start":{"line":78,"column":4},"end":{"line":89,"column":5}},"15":{"start":{"line":79,"column":6},"end":{"line":88,"column":9}},"16":{"start":{"line":94,"column":4},"end":{"line":104,"column":7}},"17":{"start":{"line":109,"column":4},"end":{"line":120,"column":7}},"18":{"start":{"line":125,"column":4},"end":{"line":137,"column":5}},"19":{"start":{"line":126,"column":6},"end":{"line":136,"column":9}},"20":{"start":{"line":147,"column":4},"end":{"line":159,"column":7}},"21":{"start":{"line":164,"column":20},"end":{"line":164,"column":58}},"22":{"start":{"line":165,"column":17},"end":{"line":165,"column":43}},"23":{"start":{"line":167,"column":4},"end":{"line":178,"column":7}},"24":{"start":{"line":183,"column":4},"end":{"line":192,"column":7}},"25":{"start":{"line":19,"column":0},"end":{"line":19,"column":13}}},"fnMap":{"0":{"name":"(anonymous_0)","decl":{"start":{"line":24,"column":10},"end":{"line":24,"column":16}},"loc":{"start":{"line":24,"column":59},"end":{"line":44,"column":3}}},"1":{"name":"(anonymous_1)","decl":{"start":{"line":47,"column":9},"end":{"line":47,"column":15}},"loc":{"start":{"line":47,"column":91},"end":{"line":59,"column":3}}},"2":{"name":"(anonymous_2)","decl":{"start":{"line":62,"column":9},"end":{"line":62,"column":15}},"loc":{"start":{"line":62,"column":110},"end":{"line":74,"column":3}}},"3":{"name":"(anonymous_3)","decl":{"start":{"line":77,"column":9},"end":{"line":77,"column":15}},"loc":{"start":{"line":77,"column":69},"end":{"line":90,"column":3}}},"4":{"name":"(anonymous_4)","decl":{"start":{"line":93,"column":9},"end":{"line":93,"column":15}},"loc":{"start":{"line":93,"column":105},"end":{"line":105,"column":3}}},"5":{"name":"(anonymous_5)","decl":{"start":{"line":108,"column":9},"end":{"line":108,"column":15}},"loc":{"start":{"line":108,"column":105},"end":{"line":121,"column":3}}},"6":{"name":"(anonymous_6)","decl":{"start":{"line":124,"column":9},"end":{"line":124,"column":15}},"loc":{"start":{"line":124,"column":76},"end":{"line":138,"column":3}}},"7":{"name":"(anonymous_7)","decl":{"start":{"line":141,"column":9},"end":{"line":141,"column":15}},"loc":{"start":{"line":145,"column":25},"end":{"line":160,"column":3}}},"8":{"name":"(anonymous_8)","decl":{"start":{"line":163,"column":9},"end":{"line":163,"column":15}},"loc":{"start":{"line":163,"column":40},"end":{"line":179,"column":3}}},"9":{"name":"(anonymous_9)","decl":{"start":{"line":182,"column":9},"end":{"line":182,"column":15}},"loc":{"start":{"line":182,"column":56},"end":{"line":193,"column":3}}}},"branchMap":{"0":{"loc":{"start":{"line":2,"column":46},"end":{"line":2,"column":93}},"type":"binary-expr","locations":[{"start":{"line":2,"column":46},"end":{"line":2,"column":86}},{"start":{"line":2,"column":90},"end":{"line":2,"column":93}}]},"1":{"loc":{"start":{"line":3,"column":50},"end":{"line":3,"column":101}},"type":"binary-expr","locations":[{"start":{"line":3,"column":50},"end":{"line":3,"column":92}},{"start":{"line":3,"column":96},"end":{"line":3,"column":101}}]},"2":{"loc":{"start":{"line":26,"column":4},"end":{"line":29,"column":5}},"type":"if","locations":[{"start":{"line":26,"column":4},"end":{"line":29,"column":5}}]},"3":{"loc":{"start":{"line":38,"column":6},"end":{"line":40,"column":7}},"type":"if","locations":[{"start":{"line":38,"column":6},"end":{"line":40,"column":7}}]},"4":{"loc":{"start":{"line":78,"column":4},"end":{"line":89,"column":5}},"type":"if","locations":[{"start":{"line":78,"column":4},"end":{"line":89,"column":5}}]},"5":{"loc":{"start":{"line":102,"column":33},"end":{"line":102,"column":54}},"type":"binary-expr","locations":[{"start":{"line":102,"column":33},"end":{"line":102,"column":41}},{"start":{"line":102,"column":45},"end":{"line":102,"column":54}}]},"6":{"loc":{"start":{"line":125,"column":4},"end":{"line":137,"column":5}},"type":"if","locations":[{"start":{"line":125,"column":4},"end":{"line":137,"column":5}}]},"7":{"loc":{"start":{"line":153,"column":12},"end":{"line":153,"column":89}},"type":"cond-expr","locations":[{"start":{"line":153,"column":27},"end":{"line":153,"column":84}},{"start":{"line":153,"column":87},"end":{"line":153,"column":89}}]},"8":{"loc":{"start":{"line":157,"column":12},"end":{"line":157,"column":92}},"type":"cond-expr","locations":[{"start":{"line":157,"column":24},"end":{"line":157,"column":87}},{"start":{"line":157,"column":90},"end":{"line":157,"column":92}}]},"9":{"loc":{"start":{"line":164,"column":20},"end":{"line":164,"column":58}},"type":"binary-expr","locations":[{"start":{"line":164,"column":20},"end":{"line":164,"column":46}},{"start":{"line":164,"column":50},"end":{"line":164,"column":58}}]},"10":{"loc":{"start":{"line":165,"column":17},"end":{"line":165,"column":43}},"type":"binary-expr","locations":[{"start":{"line":165,"column":17},"end":{"line":165,"column":33}},{"start":{"line":165,"column":37},"end":{"line":165,"column":43}}]},"11":{"loc":{"start":{"line":175,"column":31},"end":{"line":175,"column":68}},"type":"binary-expr","locations":[{"start":{"line":175,"column":31},"end":{"line":175,"column":51}},{"start":{"line":175,"column":55},"end":{"line":175,"column":68}}]}},"s":{"0":3,"1":3,"2":3,"3":3,"4":3,"5":0,"6":0,"7":3,"8":3,"9":2,"10":0,"11":1,"12":2,"13":0,"14":0,"15":0,"16":1,"17":0,"18":0,"19":0,"20":0,"21":0,"22":0,"23":0,"24":0,"25":3},"f":{"0":3,"1":2,"2":0,"3":0,"4":1,"5":0,"6":0,"7":0,"8":0,"9":0},"b":{"0":[3,2],"1":[3,2],"2":[0],"3":[0],"4":[0],"5":[1,0],"6":[0],"7":[0,0],"8":[0,0],"9":[0,0],"10":[0,0],"11":[0,0]}}
,"C:\\Users\\DELL\\Documents\\APPS\\flux\\fluxpay\\main\\backend\\src\\services\\jupiter.service.ts": {"path":"C:\\Users\\DELL\\Documents\\APPS\\flux\\fluxpay\\main\\backend\\src\\services\\jupiter.service.ts","statementMap":{"0":{"start":{"line":78,"column":0},"end":{"line":78,"column":7}},"1":{"start":{"line":163,"column":0},"end":{"line":163,"column":7}},"2":{"start":{"line":203,"column":0},"end":{"line":203,"column":7}},"3":{"start":{"line":250,"column":0},"end":{"line":250,"column":7}},"4":{"start":{"line":317,"column":0},"end":{"line":317,"column":7}},"5":{"start":{"line":359,"column":0},"end":{"line":359,"column":7}},"6":{"start":{"line":405,"column":0},"end":{"line":405,"column":7}},"7":{"start":{"line":1,"column":0},"end":{"line":1,"column":41}},"8":{"start":{"line":19,"column":0},"end":{"line":19,"column":null}},"9":{"start":{"line":24,"column":0},"end":{"line":24,"column":61}},"10":{"start":{"line":25,"column":0},"end":{"line":25,"column":75}},"11":{"start":{"line":26,"column":0},"end":{"line":26,"column":90}},"12":{"start":{"line":29,"column":15},"end":{"line":29,"column":33}},"13":{"start":{"line":31,"column":24},"end":{"line":31,"column":83}},"14":{"start":{"line":32,"column":25},"end":{"line":32,"column":26}},"15":{"start":{"line":33,"column":29},"end":{"line":33,"column":31}},"16":{"start":{"line":34,"column":29},"end":{"line":34,"column":32}},"17":{"start":{"line":35,"column":25},"end":{"line":35,"column":29}},"18":{"start":{"line":38,"column":24},"end":{"line":38,"column":50}},"19":{"start":{"line":84,"column":20},"end":{"line":84,"column":45}},"20":{"start":{"line":85,"column":21},"end":{"line":85,"column":44}},"21":{"start":{"line":87,"column":2},"end":{"line":90,"column":3}},"22":{"start":{"line":88,"column":4},"end":{"line":88,"column":72}},"23":{"start":{"line":89,"column":4},"end":{"line":89,"column":16}},"24":{"start":{"line":93,"column":22},"end":{"line":93,"column":47}},"25":{"start":{"line":94,"column":2},"end":{"line":97,"column":3}},"26":{"start":{"line":95,"column":4},"end":{"line":95,"column":63}},"27":{"start":{"line":96,"column":4},"end":{"line":96,"column":16}},"28":{"start":{"line":100,"column":31},"end":{"line":100,"column":86}},"29":{"start":{"line":102,"column":2},"end":{"line":137,"column":3}},"30":{"start":{"line":103,"column":16},"end":{"line":103,"column":51}},"31":{"start":{"line":104,"column":4},"end":{"line":104,"column":49}},"32":{"start":{"line":105,"column":4},"end":{"line":105,"column":51}},"33":{"start":{"line":106,"column":4},"end":{"line":106,"column":68}},"34":{"start":{"line":107,"column":4},"end":{"line":107,"column":64}},"35":{"start":{"line":108,"column":4},"end":{"line":108,"column":49}},"36":{"start":{"line":109,"column":4},"end":{"line":109,"column":57}},"37":{"start":{"line":111,"column":4},"end":{"line":111,"column":121}},"38":{"start":{"line":113,"column":21},"end":{"line":115,"column":6}},"39":{"start":{"line":117,"column":25},"end":{"line":117,"column":70}},"40":{"start":{"line":117,"column":67},"end":{"line":117,"column":69}},"41":{"start":{"line":118,"column":4},"end":{"line":118,"column":57}},"42":{"start":{"line":120,"column":4},"end":{"line":123,"column":5}},"43":{"start":{"line":121,"column":6},"end":{"line":121,"column":84}},"44":{"start":{"line":122,"column":6},"end":{"line":122,"column":18}},"45":{"start":{"line":125,"column":23},"end":{"line":125,"column":44}},"46":{"start":{"line":128,"column":30},"end":{"line":128,"column":38}},"47":{"start":{"line":130,"column":4},"end":{"line":133,"column":19}},"48":{"start":{"line":135,"column":4},"end":{"line":135,"column":71}},"49":{"start":{"line":136,"column":4},"end":{"line":136,"column":16}},"50":{"start":{"line":144,"column":46},"end":{"line":150,"column":4}},"51":{"start":{"line":151,"column":2},"end":{"line":151,"column":50}},"52":{"start":{"line":168,"column":2},"end":{"line":195,"column":3}},"53":{"start":{"line":169,"column":25},"end":{"line":182,"column":6}},"54":{"start":{"line":184,"column":4},"end":{"line":188,"column":5}},"55":{"start":{"line":185,"column":22},"end":{"line":185,"column":47}},"56":{"start":{"line":186,"column":6},"end":{"line":186,"column":82}},"57":{"start":{"line":187,"column":6},"end":{"line":187,"column":18}},"58":{"start":{"line":190,"column":26},"end":{"line":190,"column":51}},"59":{"start":{"line":191,"column":4},"end":{"line":191,"column":44}},"60":{"start":{"line":193,"column":4},"end":{"line":193,"column":78}},"61":{"start":{"line":194,"column":4},"end":{"line":194,"column":16}},"62":{"start":{"line":208,"column":2},"end":{"line":234,"column":3}},"63":{"start":{"line":209,"column":4},"end":{"line":231,"column":7}},"64":{"start":{"line":210,"column":21},"end":{"line":212,"column":8}},"65":{"start":{"line":214,"column":20},"end":{"line":214,"column":33}},"66":{"start":{"line":216,"column":6},"end":{"line":218,"column":7}},"67":{"start":{"line":217,"column":8},"end":{"line":217,"column":68}},"68":{"start":{"line":220,"column":6},"end":{"line":222,"column":7}},"69":{"start":{"line":221,"column":8},"end":{"line":221,"column":95}},"70":{"start":{"line":225,"column":8},"end":{"line":225,"column":92}},"71":{"start":{"line":227,"column":6},"end":{"line":230,"column":8}},"72":{"start":{"line":233,"column":4},"end":{"line":233,"column":54}},"73":{"start":{"line":258,"column":2},"end":{"line":278,"column":3}},"74":{"start":{"line":260,"column":4},"end":{"line":260,"column":115}},"75":{"start":{"line":262,"column":4},"end":{"line":268,"column":7}},"76":{"start":{"line":270,"column":4},"end":{"line":275,"column":7}},"77":{"start":{"line":277,"column":4},"end":{"line":277,"column":11}},"78":{"start":{"line":281,"column":2},"end":{"line":283,"column":4}},"79":{"start":{"line":285,"column":2},"end":{"line":291,"column":5}},"80":{"start":{"line":296,"column":2},"end":{"line":296,"column":95}},"81":{"start":{"line":302,"column":2},"end":{"line":302,"column":59}},"82":{"start":{"line":302,"column":34},"end":{"line":302,"column":57}},"83":{"start":{"line":306,"column":13},"end":{"line":312,"column":2}},"84":{"start":{"line":318,"column":25},"end":{"line":318,"column":76}},"85":{"start":{"line":319,"column":25},"end":{"line":319,"column":77}},"86":{"start":{"line":321,"column":17},"end":{"line":329,"column":4}},"87":{"start":{"line":331,"column":2},"end":{"line":353,"column":3}},"88":{"start":{"line":332,"column":16},"end":{"line":332,"column":65}},"89":{"start":{"line":334,"column":4},"end":{"line":338,"column":5}},"90":{"start":{"line":335,"column":19},"end":{"line":335,"column":35}},"91":{"start":{"line":336,"column":6},"end":{"line":336,"column":109}},"92":{"start":{"line":337,"column":6},"end":{"line":337,"column":18}},"93":{"start":{"line":340,"column":23},"end":{"line":340,"column":39}},"94":{"start":{"line":342,"column":4},"end":{"line":347,"column":7}},"95":{"start":{"line":349,"column":4},"end":{"line":349,"column":17}},"96":{"start":{"line":351,"column":4},"end":{"line":351,"column":57}},"97":{"start":{"line":352,"column":4},"end":{"line":352,"column":16}},"98":{"start":{"line":360,"column":2},"end":{"line":394,"column":3}},"99":{"start":{"line":361,"column":17},"end":{"line":369,"column":6}},"100":{"start":{"line":371,"column":16},"end":{"line":375,"column":6}},"101":{"start":{"line":377,"column":4},"end":{"line":381,"column":5}},"102":{"start":{"line":378,"column":22},"end":{"line":378,"column":38}},"103":{"start":{"line":379,"column":6},"end":{"line":379,"column":76}},"104":{"start":{"line":380,"column":6},"end":{"line":380,"column":63}},"105":{"start":{"line":383,"column":55},"end":{"line":383,"column":71}},"106":{"start":{"line":385,"column":30},"end":{"line":385,"column":68}},"107":{"start":{"line":386,"column":24},"end":{"line":386,"column":75}},"108":{"start":{"line":388,"column":4},"end":{"line":388,"column":98}},"109":{"start":{"line":390,"column":4},"end":{"line":390,"column":49}},"110":{"start":{"line":392,"column":4},"end":{"line":392,"column":78}},"111":{"start":{"line":393,"column":4},"end":{"line":393,"column":14}},"112":{"start":{"line":400,"column":0},"end":{"line":400,"column":45}},"113":{"start":{"line":401,"column":0},"end":{"line":401,"column":57}},"114":{"start":{"line":403,"column":21},"end":{"line":403,"column":88}},"115":{"start":{"line":406,"column":21},"end":{"line":406,"column":62}},"116":{"start":{"line":408,"column":2},"end":{"line":462,"column":3}},"117":{"start":{"line":409,"column":19},"end":{"line":409,"column":47}},"118":{"start":{"line":410,"column":23},"end":{"line":410,"column":58}},"119":{"start":{"line":413,"column":20},"end":{"line":413,"column":21}},"120":{"start":{"line":414,"column":4},"end":{"line":420,"column":5}},"121":{"start":{"line":415,"column":27},"end":{"line":415,"column":53}},"122":{"start":{"line":416,"column":6},"end":{"line":416,"column":51}},"123":{"start":{"line":418,"column":6},"end":{"line":418,"column":89}},"124":{"start":{"line":419,"column":6},"end":{"line":419,"column":28}},"125":{"start":{"line":422,"column":28},"end":{"line":422,"column":63}},"126":{"start":{"line":424,"column":26},"end":{"line":426,"column":null}},"127":{"start":{"line":429,"column":21},"end":{"line":440,"column":6}},"128":{"start":{"line":442,"column":4},"end":{"line":456,"column":5}},"129":{"start":{"line":443,"column":19},"end":{"line":443,"column":51}},"130":{"start":{"line":444,"column":6},"end":{"line":455,"column":7}},"131":{"start":{"line":445,"column":8},"end":{"line":454,"column":11}},"132":{"start":{"line":447,"column":53},"end":{"line":447,"column":81}},"133":{"start":{"line":458,"column":4},"end":{"line":458,"column":20}},"134":{"start":{"line":460,"column":4},"end":{"line":460,"column":75}},"135":{"start":{"line":461,"column":4},"end":{"line":461,"column":14}}},"fnMap":{"0":{"name":"getSwapQuote","decl":{"start":{"line":78,"column":22},"end":{"line":78,"column":34}},"loc":{"start":{"line":82,"column":44},"end":{"line":138,"column":1}}},"1":{"name":"(anonymous_1)","decl":{"start":{"line":117,"column":61},"end":{"line":117,"column":64}},"loc":{"start":{"line":117,"column":67},"end":{"line":117,"column":69}}},"2":{"name":"getSlippageForAttempt","decl":{"start":{"line":142,"column":9},"end":{"line":142,"column":30}},"loc":{"start":{"line":142,"column":46},"end":{"line":152,"column":1}}},"3":{"name":"buildNonCustodialSwapTx","decl":{"start":{"line":163,"column":22},"end":{"line":163,"column":45}},"loc":{"start":{"line":166,"column":24},"end":{"line":196,"column":1}}},"4":{"name":"getSwapStatus","decl":{"start":{"line":203,"column":22},"end":{"line":203,"column":35}},"loc":{"start":{"line":203,"column":50},"end":{"line":235,"column":1}}},"5":{"name":"(anonymous_5)","decl":{"start":{"line":209,"column":30},"end":{"line":209,"column":35}},"loc":{"start":{"line":209,"column":51},"end":{"line":231,"column":5}}},"6":{"name":"processSwapIfNeeded","decl":{"start":{"line":250,"column":22},"end":{"line":250,"column":41}},"loc":{"start":{"line":256,"column":25},"end":{"line":297,"column":1}}},"7":{"name":"sleep","decl":{"start":{"line":301,"column":9},"end":{"line":301,"column":14}},"loc":{"start":{"line":301,"column":25},"end":{"line":303,"column":1}}},"8":{"name":"(anonymous_8)","decl":{"start":{"line":302,"column":21},"end":{"line":302,"column":22}},"loc":{"start":{"line":302,"column":34},"end":{"line":302,"column":57}}},"9":{"name":"getJupiterQuote","decl":{"start":{"line":317,"column":22},"end":{"line":317,"column":37}},"loc":{"start":{"line":317,"column":228},"end":{"line":354,"column":1}}},"10":{"name":"buildJupiterSwapTransaction","decl":{"start":{"line":359,"column":22},"end":{"line":359,"column":49}},"loc":{"start":{"line":359,"column":171},"end":{"line":395,"column":1}}},"11":{"name":"getTokenBalances","decl":{"start":{"line":405,"column":22},"end":{"line":405,"column":38}},"loc":{"start":{"line":405,"column":60},"end":{"line":463,"column":1}}},"12":{"name":"(anonymous_12)","decl":{"start":{"line":447,"column":48},"end":{"line":447,"column":49}},"loc":{"start":{"line":447,"column":53},"end":{"line":447,"column":81}}}},"branchMap":{"0":{"loc":{"start":{"line":31,"column":24},"end":{"line":31,"column":83}},"type":"binary-expr","locations":[{"start":{"line":31,"column":24},"end":{"line":31,"column":51}},{"start":{"line":31,"column":55},"end":{"line":31,"column":83}}]},"1":{"loc":{"start":{"line":82,"column":2},"end":{"line":82,"column":44}},"type":"default-arg","locations":[{"start":{"line":82,"column":24},"end":{"line":82,"column":44}}]},"2":{"loc":{"start":{"line":87,"column":2},"end":{"line":90,"column":3}},"type":"if","locations":[{"start":{"line":87,"column":2},"end":{"line":90,"column":3}}]},"3":{"loc":{"start":{"line":87,"column":6},"end":{"line":87,"column":31}},"type":"binary-expr","locations":[{"start":{"line":87,"column":6},"end":{"line":87,"column":16}},{"start":{"line":87,"column":20},"end":{"line":87,"column":31}}]},"4":{"loc":{"start":{"line":94,"column":2},"end":{"line":97,"column":3}},"type":"if","locations":[{"start":{"line":94,"column":2},"end":{"line":97,"column":3}}]},"5":{"loc":{"start":{"line":120,"column":4},"end":{"line":123,"column":5}},"type":"if","locations":[{"start":{"line":120,"column":4},"end":{"line":123,"column":5}}]},"6":{"loc":{"start":{"line":151,"column":9},"end":{"line":151,"column":49}},"type":"binary-expr","locations":[{"start":{"line":151,"column":9},"end":{"line":151,"column":29}},{"start":{"line":151,"column":33},"end":{"line":151,"column":49}}]},"7":{"loc":{"start":{"line":184,"column":4},"end":{"line":188,"column":5}},"type":"if","locations":[{"start":{"line":184,"column":4},"end":{"line":188,"column":5}}]},"8":{"loc":{"start":{"line":191,"column":11},"end":{"line":191,"column":43}},"type":"binary-expr","locations":[{"start":{"line":191,"column":11},"end":{"line":191,"column":35}},{"start":{"line":191,"column":39},"end":{"line":191,"column":43}}]},"9":{"loc":{"start":{"line":216,"column":6},"end":{"line":218,"column":7}},"type":"if","locations":[{"start":{"line":216,"column":6},"end":{"line":218,"column":7}}]},"10":{"loc":{"start":{"line":220,"column":6},"end":{"line":222,"column":7}},"type":"if","locations":[{"start":{"line":220,"column":6},"end":{"line":222,"column":7}}]},"11":{"loc":{"start":{"line":225,"column":8},"end":{"line":225,"column":92}},"type":"binary-expr","locations":[{"start":{"line":225,"column":8},"end":{"line":225,"column":48}},{"start":{"line":225,"column":52},"end":{"line":225,"column":92}}]},"12":{"loc":{"start":{"line":258,"column":2},"end":{"line":278,"column":3}},"type":"if","locations":[{"start":{"line":258,"column":2},"end":{"line":278,"column":3}}]},"13":{"loc":{"start":{"line":317,"column":71},"end":{"line":317,"column":87}},"type":"default-arg","locations":[{"start":{"line":317,"column":85},"end":{"line":317,"column":87}}]},"14":{"loc":{"start":{"line":317,"column":89},"end":{"line":317,"column":110}},"type":"default-arg","locations":[{"start":{"line":317,"column":100},"end":{"line":317,"column":110}}]},"15":{"loc":{"start":{"line":318,"column":25},"end":{"line":318,"column":76}},"type":"binary-expr","locations":[{"start":{"line":318,"column":25},"end":{"line":318,"column":62}},{"start":{"line":318,"column":67},"end":{"line":318,"column":76}}]},"16":{"loc":{"start":{"line":319,"column":25},"end":{"line":319,"column":77}},"type":"binary-expr","locations":[{"start":{"line":319,"column":25},"end":{"line":319,"column":63}},{"start":{"line":319,"column":67},"end":{"line":319,"column":77}}]},"17":{"loc":{"start":{"line":334,"column":4},"end":{"line":338,"column":5}},"type":"if","locations":[{"start":{"line":334,"column":4},"end":{"line":338,"column":5}}]},"18":{"loc":{"start":{"line":377,"column":4},"end":{"line":381,"column":5}},"type":"if","locations":[{"start":{"line":377,"column":4},"end":{"line":381,"column":5}}]},"19":{"loc":{"start":{"line":403,"column":21},"end":{"line":403,"column":88}},"type":"binary-expr","locations":[{"start":{"line":403,"column":21},"end":{"line":403,"column":47}},{"start":{"line":403,"column":51},"end":{"line":403,"column":88}}]},"20":{"loc":{"start":{"line":444,"column":6},"end":{"line":455,"column":7}},"type":"if","locations":[{"start":{"line":444,"column":6},"end":{"line":455,"column":7}}]},"21":{"loc":{"start":{"line":447,"column":18},"end":{"line":447,"column":107}},"type":"binary-expr","locations":[{"start":{"line":447,"column":18},"end":{"line":447,"column":82}},{"start":{"line":447,"column":86},"end":{"line":447,"column":107}}]}},"s":{"0":1,"1":1,"2":1,"3":1,"4":1,"5":1,"6":1,"7":1,"8":1,"9":1,"10":1,"11":1,"12":1,"13":1,"14":1,"15":1,"16":1,"17":1,"18":1,"19":2,"20":2,"21":2,"22":1,"23":1,"24":1,"25":1,"26":0,"27":0,"28":1,"29":1,"30":1,"31":1,"32":1,"33":1,"34":1,"35":1,"36":1,"37":1,"38":1,"39":1,"40":0,"41":1,"42":1,"43":0,"44":0,"45":1,"46":1,"47":1,"48":0,"49":0,"50":0,"51":0,"52":1,"53":1,"54":1,"55":0,"56":0,"57":0,"58":1,"59":1,"60":0,"61":0,"62":0,"63":0,"64":0,"65":0,"66":0,"67":0,"68":0,"69":0,"70":0,"71":0,"72":0,"73":0,"74":0,"75":0,"76":0,"77":0,"78":0,"79":0,"80":0,"81":0,"82":0,"83":1,"84":0,"85":0,"86":0,"87":0,"88":0,"89":0,"90":0,"91":0,"92":0,"93":0,"94":0,"95":0,"96":0,"97":0,"98":0,"99":0,"100":0,"101":0,"102":0,"103":0,"104":0,"105":0,"106":0,"107":0,"108":0,"109":0,"110":0,"111":0,"112":1,"113":1,"114":1,"115":0,"116":0,"117":0,"118":0,"119":0,"120":0,"121":0,"122":0,"123":0,"124":0,"125":0,"126":0,"127":0,"128":0,"129":0,"130":0,"131":0,"132":0,"133":0,"134":0,"135":0},"f":{"0":2,"1":0,"2":0,"3":1,"4":0,"5":0,"6":0,"7":0,"8":0,"9":0,"10":0,"11":0,"12":0},"b":{"0":[1,0],"1":[2],"2":[1],"3":[2,1],"4":[0],"5":[0],"6":[0,0],"7":[0],"8":[1,0],"9":[0],"10":[0],"11":[0,0],"12":[0],"13":[0],"14":[0],"15":[0,0],"16":[0,0],"17":[0],"18":[0],"19":[1,0],"20":[0],"21":[0,0]}}
,"C:\\Users\\DELL\\Documents\\APPS\\flux\\fluxpay\\main\\backend\\src\\services\\nonCustodialSwap.service.ts": {"path":"C:\\Users\\DELL\\Documents\\APPS\\flux\\fluxpay\\main\\backend\\src\\services\\nonCustodialSwap.service.ts","statementMap":{"0":{"start":{"line":98,"column":0},"end":{"line":98,"column":7}},"1":{"start":{"line":153,"column":0},"end":{"line":153,"column":7}},"2":{"start":{"line":219,"column":0},"end":{"line":219,"column":7}},"3":{"start":{"line":328,"column":0},"end":{"line":328,"column":7}},"4":{"start":{"line":566,"column":0},"end":{"line":566,"column":7}},"5":{"start":{"line":1,"column":0},"end":{"line":1,"column":41}},"6":{"start":{"line":22,"column":0},"end":{"line":22,"column":null}},"7":{"start":{"line":28,"column":0},"end":{"line":28,"column":46}},"8":{"start":{"line":29,"column":0},"end":{"line":29,"column":75}},"9":{"start":{"line":30,"column":0},"end":{"line":30,"column":63}},"10":{"start":{"line":31,"column":0},"end":{"line":31,"column":47}},"11":{"start":{"line":32,"column":0},"end":{"line":32,"column":73}},"12":{"start":{"line":34,"column":15},"end":{"line":34,"column":33}},"13":{"start":{"line":36,"column":24},"end":{"line":36,"column":83}},"14":{"start":{"line":37,"column":25},"end":{"line":37,"column":26}},"15":{"start":{"line":38,"column":29},"end":{"line":38,"column":32}},"16":{"start":{"line":39,"column":33},"end":{"line":39,"column":38}},"17":{"start":{"line":42,"column":24},"end":{"line":42,"column":50}},"18":{"start":{"line":72,"column":14},"end":{"line":72,"column":52}},"19":{"start":{"line":73,"column":2},"end":{"line":75,"column":3}},"20":{"start":{"line":74,"column":4},"end":{"line":74,"column":68}},"21":{"start":{"line":77,"column":2},"end":{"line":89,"column":3}},"22":{"start":{"line":78,"column":4},"end":{"line":81,"column":5}},"23":{"start":{"line":79,"column":21},"end":{"line":79,"column":36}},"24":{"start":{"line":80,"column":6},"end":{"line":80,"column":59}},"25":{"start":{"line":83,"column":4},"end":{"line":85,"column":5}},"26":{"start":{"line":84,"column":6},"end":{"line":84,"column":79}},"27":{"start":{"line":86,"column":4},"end":{"line":86,"column":74}},"28":{"start":{"line":88,"column":4},"end":{"line":88,"column":83}},"29":{"start":{"line":101,"column":2},"end":{"line":123,"column":3}},"30":{"start":{"line":102,"column":4},"end":{"line":116,"column":7}},"31":{"start":{"line":103,"column":21},"end":{"line":103,"column":50}},"32":{"start":{"line":104,"column":30},"end":{"line":104,"column":65}},"33":{"start":{"line":105,"column":25},"end":{"line":105,"column":59}},"34":{"start":{"line":107,"column":6},"end":{"line":113,"column":7}},"35":{"start":{"line":108,"column":8},"end":{"line":112,"column":10}},"36":{"start":{"line":115,"column":6},"end":{"line":115,"column":55}},"37":{"start":{"line":118,"column":4},"end":{"line":122,"column":6}},"38":{"start":{"line":130,"column":46},"end":{"line":136,"column":4}},"39":{"start":{"line":137,"column":2},"end":{"line":137,"column":38}},"40":{"start":{"line":159,"column":20},"end":{"line":159,"column":45}},"41":{"start":{"line":160,"column":21},"end":{"line":160,"column":44}},"42":{"start":{"line":162,"column":2},"end":{"line":165,"column":3}},"43":{"start":{"line":163,"column":4},"end":{"line":163,"column":77}},"44":{"start":{"line":164,"column":4},"end":{"line":164,"column":16}},"45":{"start":{"line":168,"column":22},"end":{"line":168,"column":47}},"46":{"start":{"line":169,"column":2},"end":{"line":172,"column":3}},"47":{"start":{"line":170,"column":4},"end":{"line":170,"column":68}},"48":{"start":{"line":171,"column":4},"end":{"line":171,"column":16}},"49":{"start":{"line":175,"column":31},"end":{"line":175,"column":86}},"50":{"start":{"line":177,"column":2},"end":{"line":206,"column":3}},"51":{"start":{"line":178,"column":16},"end":{"line":178,"column":51}},"52":{"start":{"line":179,"column":4},"end":{"line":179,"column":49}},"53":{"start":{"line":180,"column":4},"end":{"line":180,"column":51}},"54":{"start":{"line":181,"column":4},"end":{"line":181,"column":68}},"55":{"start":{"line":182,"column":4},"end":{"line":182,"column":64}},"56":{"start":{"line":183,"column":4},"end":{"line":183,"column":49}},"57":{"start":{"line":185,"column":4},"end":{"line":185,"column":189}},"58":{"start":{"line":187,"column":21},"end":{"line":189,"column":6}},"59":{"start":{"line":191,"column":4},"end":{"line":195,"column":5}},"60":{"start":{"line":192,"column":22},"end":{"line":192,"column":43}},"61":{"start":{"line":193,"column":6},"end":{"line":193,"column":84}},"62":{"start":{"line":194,"column":6},"end":{"line":194,"column":18}},"63":{"start":{"line":197,"column":23},"end":{"line":197,"column":44}},"64":{"start":{"line":199,"column":4},"end":{"line":202,"column":31}},"65":{"start":{"line":204,"column":4},"end":{"line":204,"column":76}},"66":{"start":{"line":205,"column":4},"end":{"line":205,"column":16}},"67":{"start":{"line":232,"column":16},"end":{"line":232,"column":83}},"68":{"start":{"line":233,"column":2},"end":{"line":233,"column":26}},"69":{"start":{"line":233,"column":14},"end":{"line":233,"column":26}},"70":{"start":{"line":238,"column":22},"end":{"line":238,"column":47}},"71":{"start":{"line":239,"column":23},"end":{"line":239,"column":89}},"72":{"start":{"line":240,"column":24},"end":{"line":240,"column":51}},"73":{"start":{"line":241,"column":27},"end":{"line":241,"column":94}},"74":{"start":{"line":243,"column":2},"end":{"line":243,"column":140}},"75":{"start":{"line":246,"column":2},"end":{"line":264,"column":3}},"76":{"start":{"line":247,"column":31},"end":{"line":247,"column":54}},"77":{"start":{"line":248,"column":4},"end":{"line":260,"column":5}},"78":{"start":{"line":249,"column":24},"end":{"line":249,"column":46}},"79":{"start":{"line":252,"column":32},"end":{"line":255,"column":null}},"80":{"start":{"line":257,"column":6},"end":{"line":259,"column":7}},"81":{"start":{"line":258,"column":8},"end":{"line":258,"column":113}},"82":{"start":{"line":263,"column":4},"end":{"line":263,"column":89}},"83":{"start":{"line":267,"column":2},"end":{"line":308,"column":3}},"84":{"start":{"line":268,"column":33},"end":{"line":276,"column":6}},"85":{"start":{"line":278,"column":4},"end":{"line":278,"column":120}},"86":{"start":{"line":280,"column":25},"end":{"line":285,"column":6}},"87":{"start":{"line":287,"column":4},"end":{"line":291,"column":5}},"88":{"start":{"line":288,"column":22},"end":{"line":288,"column":47}},"89":{"start":{"line":289,"column":6},"end":{"line":289,"column":87}},"90":{"start":{"line":290,"column":6},"end":{"line":290,"column":18}},"91":{"start":{"line":293,"column":26},"end":{"line":293,"column":51}},"92":{"start":{"line":295,"column":4},"end":{"line":298,"column":5}},"93":{"start":{"line":296,"column":6},"end":{"line":296,"column":79}},"94":{"start":{"line":297,"column":6},"end":{"line":297,"column":18}},"95":{"start":{"line":300,"column":4},"end":{"line":304,"column":6}},"96":{"start":{"line":306,"column":4},"end":{"line":306,"column":83}},"97":{"start":{"line":307,"column":4},"end":{"line":307,"column":16}},"98":{"start":{"line":337,"column":2},"end":{"line":337,"column":109}},"99":{"start":{"line":338,"column":2},"end":{"line":338,"column":120}},"100":{"start":{"line":341,"column":23},"end":{"line":341,"column":68}},"101":{"start":{"line":342,"column":2},"end":{"line":368,"column":3}},"102":{"start":{"line":343,"column":4},"end":{"line":343,"column":57}},"103":{"start":{"line":346,"column":4},"end":{"line":350,"column":26}},"104":{"start":{"line":352,"column":4},"end":{"line":359,"column":7}},"105":{"start":{"line":361,"column":4},"end":{"line":367,"column":6}},"106":{"start":{"line":370,"column":18},"end":{"line":370,"column":20}},"107":{"start":{"line":373,"column":2},"end":{"line":420,"column":3}},"108":{"start":{"line":374,"column":4},"end":{"line":419,"column":5}},"109":{"start":{"line":375,"column":20},"end":{"line":375,"column":66}},"110":{"start":{"line":376,"column":26},"end":{"line":376,"column":65}},"111":{"start":{"line":378,"column":25},"end":{"line":378,"column":40}},"112":{"start":{"line":379,"column":29},"end":{"line":379,"column":52}},"113":{"start":{"line":381,"column":21},"end":{"line":384,"column":8}},"114":{"start":{"line":386,"column":6},"end":{"line":386,"column":82}},"115":{"start":{"line":389,"column":8},"end":{"line":389,"column":56}},"116":{"start":{"line":391,"column":27},"end":{"line":393,"column":null}},"117":{"start":{"line":396,"column":6},"end":{"line":415,"column":7}},"118":{"start":{"line":397,"column":8},"end":{"line":397,"column":95}},"119":{"start":{"line":398,"column":8},"end":{"line":398,"column":52}},"120":{"start":{"line":401,"column":28},"end":{"line":401,"column":53}},"121":{"start":{"line":402,"column":20},"end":{"line":402,"column":34}},"122":{"start":{"line":404,"column":8},"end":{"line":404,"column":78}},"123":{"start":{"line":406,"column":8},"end":{"line":406,"column":77}},"124":{"start":{"line":408,"column":8},"end":{"line":414,"column":10}},"125":{"start":{"line":417,"column":6},"end":{"line":417,"column":66}},"126":{"start":{"line":418,"column":6},"end":{"line":418,"column":70}},"127":{"start":{"line":423,"column":2},"end":{"line":524,"column":3}},"128":{"start":{"line":423,"column":21},"end":{"line":423,"column":22}},"129":{"start":{"line":424,"column":4},"end":{"line":523,"column":5}},"130":{"start":{"line":425,"column":6},"end":{"line":425,"column":83}},"131":{"start":{"line":427,"column":26},"end":{"line":427,"column":56}},"132":{"start":{"line":428,"column":23},"end":{"line":434,"column":null}},"133":{"start":{"line":437,"column":6},"end":{"line":444,"column":7}},"134":{"start":{"line":438,"column":8},"end":{"line":438,"column":75}},"135":{"start":{"line":439,"column":8},"end":{"line":439,"column":52}},"136":{"start":{"line":440,"column":8},"end":{"line":442,"column":9}},"137":{"start":{"line":441,"column":10},"end":{"line":441,"column":60}},"138":{"start":{"line":443,"column":8},"end":{"line":443,"column":17}},"139":{"start":{"line":447,"column":6},"end":{"line":451,"column":7}},"140":{"start":{"line":448,"column":8},"end":{"line":448,"column":83}},"141":{"start":{"line":449,"column":8},"end":{"line":449,"column":52}},"142":{"start":{"line":450,"column":8},"end":{"line":450,"column":14}},"143":{"start":{"line":453,"column":6},"end":{"line":453,"column":104}},"144":{"start":{"line":456,"column":20},"end":{"line":456,"column":73}},"145":{"start":{"line":457,"column":26},"end":{"line":457,"column":65}},"146":{"start":{"line":460,"column":24},"end":{"line":460,"column":46}},"147":{"start":{"line":461,"column":6},"end":{"line":461,"column":36}},"148":{"start":{"line":464,"column":25},"end":{"line":464,"column":40}},"149":{"start":{"line":465,"column":29},"end":{"line":465,"column":52}},"150":{"start":{"line":467,"column":21},"end":{"line":470,"column":8}},"151":{"start":{"line":472,"column":6},"end":{"line":472,"column":101}},"152":{"start":{"line":475,"column":8},"end":{"line":475,"column":56}},"153":{"start":{"line":477,"column":27},"end":{"line":479,"column":null}},"154":{"start":{"line":482,"column":6},"end":{"line":489,"column":7}},"155":{"start":{"line":483,"column":8},"end":{"line":483,"column":118}},"156":{"start":{"line":484,"column":8},"end":{"line":484,"column":52}},"157":{"start":{"line":485,"column":8},"end":{"line":487,"column":9}},"158":{"start":{"line":486,"column":10},"end":{"line":486,"column":60}},"159":{"start":{"line":488,"column":8},"end":{"line":488,"column":17}},"160":{"start":{"line":492,"column":18},"end":{"line":492,"column":32}},"161":{"start":{"line":494,"column":6},"end":{"line":494,"column":100}},"162":{"start":{"line":496,"column":6},"end":{"line":496,"column":86}},"163":{"start":{"line":498,"column":6},"end":{"line":498,"column":112}},"164":{"start":{"line":500,"column":6},"end":{"line":506,"column":8}},"165":{"start":{"line":508,"column":6},"end":{"line":508,"column":56}},"166":{"start":{"line":509,"column":6},"end":{"line":509,"column":95}},"167":{"start":{"line":511,"column":6},"end":{"line":518,"column":9}},"168":{"start":{"line":520,"column":6},"end":{"line":522,"column":7}},"169":{"start":{"line":521,"column":8},"end":{"line":521,"column":58}},"170":{"start":{"line":527,"column":2},"end":{"line":527,"column":107}},"171":{"start":{"line":529,"column":2},"end":{"line":538,"column":5}},"172":{"start":{"line":540,"column":2},"end":{"line":542,"column":5}},"173":{"start":{"line":545,"column":2},"end":{"line":549,"column":24}},"174":{"start":{"line":551,"column":2},"end":{"line":557,"column":4}},"175":{"start":{"line":575,"column":2},"end":{"line":592,"column":3}},"176":{"start":{"line":577,"column":4},"end":{"line":577,"column":88}},"177":{"start":{"line":579,"column":4},"end":{"line":585,"column":7}},"178":{"start":{"line":587,"column":4},"end":{"line":589,"column":7}},"179":{"start":{"line":591,"column":4},"end":{"line":591,"column":11}},"180":{"start":{"line":595,"column":2},"end":{"line":597,"column":4}},"181":{"start":{"line":599,"column":2},"end":{"line":605,"column":5}},"182":{"start":{"line":607,"column":17},"end":{"line":614,"column":null}},"183":{"start":{"line":617,"column":2},"end":{"line":631,"column":3}},"184":{"start":{"line":618,"column":4},"end":{"line":624,"column":7}},"185":{"start":{"line":626,"column":4},"end":{"line":628,"column":7}},"186":{"start":{"line":630,"column":4},"end":{"line":630,"column":78}},"187":{"start":{"line":645,"column":2},"end":{"line":658,"column":5}},"188":{"start":{"line":660,"column":2},"end":{"line":662,"column":5}},"189":{"start":{"line":668,"column":2},"end":{"line":668,"column":59}},"190":{"start":{"line":668,"column":34},"end":{"line":668,"column":57}}},"fnMap":{"0":{"name":"loadFluxPayGasWallet","decl":{"start":{"line":71,"column":9},"end":{"line":71,"column":29}},"loc":{"start":{"line":71,"column":29},"end":{"line":90,"column":1}}},"1":{"name":"checkMerchantSolBalance","decl":{"start":{"line":98,"column":22},"end":{"line":98,"column":45}},"loc":{"start":{"line":99,"column":24},"end":{"line":124,"column":1}}},"2":{"name":"(anonymous_2)","decl":{"start":{"line":102,"column":30},"end":{"line":102,"column":35}},"loc":{"start":{"line":102,"column":51},"end":{"line":116,"column":5}}},"3":{"name":"getSlippageForAttempt","decl":{"start":{"line":128,"column":9},"end":{"line":128,"column":30}},"loc":{"start":{"line":128,"column":46},"end":{"line":138,"column":1}}},"4":{"name":"getNonCustodialQuote","decl":{"start":{"line":153,"column":22},"end":{"line":153,"column":42}},"loc":{"start":{"line":157,"column":44},"end":{"line":207,"column":1}}},"5":{"name":"buildSwapTransaction","decl":{"start":{"line":219,"column":22},"end":{"line":219,"column":42}},"loc":{"start":{"line":225,"column":44},"end":{"line":309,"column":1}}},"6":{"name":"processNonCustodialSwapIfNeeded","decl":{"start":{"line":566,"column":22},"end":{"line":566,"column":53}},"loc":{"start":{"line":573,"column":34},"end":{"line":633,"column":1}}},"7":{"name":"updatePaymentSuccess","decl":{"start":{"line":637,"column":15},"end":{"line":637,"column":35}},"loc":{"start":{"line":643,"column":21},"end":{"line":663,"column":1}}},"8":{"name":"sleep","decl":{"start":{"line":667,"column":9},"end":{"line":667,"column":14}},"loc":{"start":{"line":667,"column":25},"end":{"line":669,"column":1}}},"9":{"name":"(anonymous_10)","decl":{"start":{"line":668,"column":21},"end":{"line":668,"column":22}},"loc":{"start":{"line":668,"column":34},"end":{"line":668,"column":57}}}},"branchMap":{"0":{"loc":{"start":{"line":36,"column":24},"end":{"line":36,"column":83}},"type":"binary-expr","locations":[{"start":{"line":36,"column":24},"end":{"line":36,"column":51}},{"start":{"line":36,"column":55},"end":{"line":36,"column":83}}]},"1":{"loc":{"start":{"line":73,"column":2},"end":{"line":75,"column":3}},"type":"if","locations":[{"start":{"line":73,"column":2},"end":{"line":75,"column":3}}]},"2":{"loc":{"start":{"line":78,"column":4},"end":{"line":81,"column":5}},"type":"if","locations":[{"start":{"line":78,"column":4},"end":{"line":81,"column":5}}]},"3":{"loc":{"start":{"line":83,"column":4},"end":{"line":85,"column":5}},"type":"if","locations":[{"start":{"line":83,"column":4},"end":{"line":85,"column":5}}]},"4":{"loc":{"start":{"line":107,"column":6},"end":{"line":113,"column":7}},"type":"if","locations":[{"start":{"line":107,"column":6},"end":{"line":113,"column":7}}]},"5":{"loc":{"start":{"line":137,"column":9},"end":{"line":137,"column":37}},"type":"binary-expr","locations":[{"start":{"line":137,"column":9},"end":{"line":137,"column":29}},{"start":{"line":137,"column":33},"end":{"line":137,"column":37}}]},"6":{"loc":{"start":{"line":157,"column":2},"end":{"line":157,"column":44}},"type":"default-arg","locations":[{"start":{"line":157,"column":24},"end":{"line":157,"column":44}}]},"7":{"loc":{"start":{"line":162,"column":2},"end":{"line":165,"column":3}},"type":"if","locations":[{"start":{"line":162,"column":2},"end":{"line":165,"column":3}}]},"8":{"loc":{"start":{"line":162,"column":6},"end":{"line":162,"column":31}},"type":"binary-expr","locations":[{"start":{"line":162,"column":6},"end":{"line":162,"column":16}},{"start":{"line":162,"column":20},"end":{"line":162,"column":31}}]},"9":{"loc":{"start":{"line":169,"column":2},"end":{"line":172,"column":3}},"type":"if","locations":[{"start":{"line":169,"column":2},"end":{"line":172,"column":3}}]},"10":{"loc":{"start":{"line":191,"column":4},"end":{"line":195,"column":5}},"type":"if","locations":[{"start":{"line":191,"column":4},"end":{"line":195,"column":5}}]},"11":{"loc":{"start":{"line":225,"column":2},"end":{"line":225,"column":44}},"type":"default-arg","locations":[{"start":{"line":225,"column":24},"end":{"line":225,"column":44}}]},"12":{"loc":{"start":{"line":233,"column":2},"end":{"line":233,"column":26}},"type":"if","locations":[{"start":{"line":233,"column":2},"end":{"line":233,"column":26}}]},"13":{"loc":{"start":{"line":239,"column":62},"end":{"line":239,"column":88}},"type":"binary-expr","locations":[{"start":{"line":239,"column":62},"end":{"line":239,"column":83}},{"start":{"line":239,"column":87},"end":{"line":239,"column":88}}]},"14":{"loc":{"start":{"line":241,"column":65},"end":{"line":241,"column":93}},"type":"binary-expr","locations":[{"start":{"line":241,"column":65},"end":{"line":241,"column":88}},{"start":{"line":241,"column":92},"end":{"line":241,"column":93}}]},"15":{"loc":{"start":{"line":248,"column":4},"end":{"line":260,"column":5}},"type":"if","locations":[{"start":{"line":248,"column":4},"end":{"line":260,"column":5}}]},"16":{"loc":{"start":{"line":257,"column":6},"end":{"line":259,"column":7}},"type":"if","locations":[{"start":{"line":257,"column":6},"end":{"line":259,"column":7}}]},"17":{"loc":{"start":{"line":287,"column":4},"end":{"line":291,"column":5}},"type":"if","locations":[{"start":{"line":287,"column":4},"end":{"line":291,"column":5}}]},"18":{"loc":{"start":{"line":295,"column":4},"end":{"line":298,"column":5}},"type":"if","locations":[{"start":{"line":295,"column":4},"end":{"line":298,"column":5}}]},"19":{"loc":{"start":{"line":342,"column":2},"end":{"line":368,"column":3}},"type":"if","locations":[{"start":{"line":342,"column":2},"end":{"line":368,"column":3}}]},"20":{"loc":{"start":{"line":373,"column":2},"end":{"line":420,"column":3}},"type":"if","locations":[{"start":{"line":373,"column":2},"end":{"line":420,"column":3}}]},"21":{"loc":{"start":{"line":396,"column":6},"end":{"line":415,"column":7}},"type":"if","locations":[{"start":{"line":396,"column":6},"end":{"line":415,"column":7}},{"start":{"line":399,"column":13},"end":{"line":415,"column":7}}]},"22":{"loc":{"start":{"line":417,"column":18},"end":{"line":417,"column":65}},"type":"binary-expr","locations":[{"start":{"line":417,"column":18},"end":{"line":417,"column":31}},{"start":{"line":417,"column":35},"end":{"line":417,"column":65}}]},"23":{"loc":{"start":{"line":437,"column":6},"end":{"line":444,"column":7}},"type":"if","locations":[{"start":{"line":437,"column":6},"end":{"line":444,"column":7}}]},"24":{"loc":{"start":{"line":440,"column":8},"end":{"line":442,"column":9}},"type":"if","locations":[{"start":{"line":440,"column":8},"end":{"line":442,"column":9}}]},"25":{"loc":{"start":{"line":441,"column":22},"end":{"line":441,"column":58}},"type":"binary-expr","locations":[{"start":{"line":441,"column":22},"end":{"line":441,"column":50}},{"start":{"line":441,"column":54},"end":{"line":441,"column":58}}]},"26":{"loc":{"start":{"line":447,"column":6},"end":{"line":451,"column":7}},"type":"if","locations":[{"start":{"line":447,"column":6},"end":{"line":451,"column":7}}]},"27":{"loc":{"start":{"line":482,"column":6},"end":{"line":489,"column":7}},"type":"if","locations":[{"start":{"line":482,"column":6},"end":{"line":489,"column":7}}]},"28":{"loc":{"start":{"line":485,"column":8},"end":{"line":487,"column":9}},"type":"if","locations":[{"start":{"line":485,"column":8},"end":{"line":487,"column":9}}]},"29":{"loc":{"start":{"line":486,"column":22},"end":{"line":486,"column":58}},"type":"binary-expr","locations":[{"start":{"line":486,"column":22},"end":{"line":486,"column":50}},{"start":{"line":486,"column":54},"end":{"line":486,"column":58}}]},"30":{"loc":{"start":{"line":508,"column":18},"end":{"line":508,"column":55}},"type":"binary-expr","locations":[{"start":{"line":508,"column":18},"end":{"line":508,"column":31}},{"start":{"line":508,"column":35},"end":{"line":508,"column":55}}]},"31":{"loc":{"start":{"line":520,"column":6},"end":{"line":522,"column":7}},"type":"if","locations":[{"start":{"line":520,"column":6},"end":{"line":522,"column":7}}]},"32":{"loc":{"start":{"line":521,"column":20},"end":{"line":521,"column":56}},"type":"binary-expr","locations":[{"start":{"line":521,"column":20},"end":{"line":521,"column":48}},{"start":{"line":521,"column":52},"end":{"line":521,"column":56}}]},"33":{"loc":{"start":{"line":575,"column":2},"end":{"line":592,"column":3}},"type":"if","locations":[{"start":{"line":575,"column":2},"end":{"line":592,"column":3}}]},"34":{"loc":{"start":{"line":617,"column":2},"end":{"line":631,"column":3}},"type":"if","locations":[{"start":{"line":617,"column":2},"end":{"line":631,"column":3}}]},"35":{"loc":{"start":{"line":643,"column":2},"end":{"line":643,"column":21}},"type":"default-arg","locations":[{"start":{"line":643,"column":20},"end":{"line":643,"column":21}}]}},"s":{"0":1,"1":1,"2":1,"3":1,"4":1,"5":1,"6":1,"7":1,"8":1,"9":1,"10":1,"11":1,"12":1,"13":1,"14":1,"15":1,"16":1,"17":1,"18":0,"19":0,"20":0,"21":0,"22":0,"23":0,"24":0,"25":0,"26":0,"27":0,"28":0,"29":1,"30":1,"31":1,"32":1,"33":1,"34":1,"35":0,"36":1,"37":0,"38":0,"39":0,"40":0,"41":0,"42":0,"43":0,"44":0,"45":0,"46":0,"47":0,"48":0,"49":0,"50":0,"51":0,"52":0,"53":0,"54":0,"55":0,"56":0,"57":0,"58":0,"59":0,"60":0,"61":0,"62":0,"63":0,"64":0,"65":0,"66":0,"67":0,"68":0,"69":0,"70":0,"71":0,"72":0,"73":0,"74":0,"75":0,"76":0,"77":0,"78":0,"79":0,"80":0,"81":0,"82":0,"83":0,"84":0,"85":0,"86":0,"87":0,"88":0,"89":0,"90":0,"91":0,"92":0,"93":0,"94":0,"95":0,"96":0,"97":0,"98":0,"99":0,"100":0,"101":0,"102":0,"103":0,"104":0,"105":0,"106":0,"107":0,"108":0,"109":0,"110":0,"111":0,"112":0,"113":0,"114":0,"115":0,"116":0,"117":0,"118":0,"119":0,"120":0,"121":0,"122":0,"123":0,"124":0,"125":0,"126":0,"127":0,"128":0,"129":0,"130":0,"131":0,"132":0,"133":0,"134":0,"135":0,"136":0,"137":0,"138":0,"139":0,"140":0,"141":0,"142":0,"143":0,"144":0,"145":0,"146":0,"147":0,"148":0,"149":0,"150":0,"151":0,"152":0,"153":0,"154":0,"155":0,"156":0,"157":0,"158":0,"159":0,"160":0,"161":0,"162":0,"163":0,"164":0,"165":0,"166":0,"167":0,"168":0,"169":0,"170":0,"171":0,"172":0,"173":0,"174":0,"175":1,"176":1,"177":1,"178":1,"179":1,"180":0,"181":0,"182":0,"183":0,"184":0,"185":0,"186":0,"187":0,"188":0,"189":0,"190":0},"f":{"0":0,"1":1,"2":1,"3":0,"4":0,"5":0,"6":1,"7":0,"8":0,"9":0},"b":{"0":[1,1],"1":[0],"2":[0],"3":[0],"4":[0],"5":[0,0],"6":[0],"7":[0],"8":[0,0],"9":[0],"10":[0],"11":[0],"12":[0],"13":[0,0],"14":[0,0],"15":[0],"16":[0],"17":[0],"18":[0],"19":[0],"20":[0],"21":[0,0],"22":[0,0],"23":[0],"24":[0],"25":[0,0],"26":[0],"27":[0],"28":[0],"29":[0,0],"30":[0,0],"31":[0],"32":[0,0],"33":[1],"34":[0],"35":[0]}}
,"C:\\Users\\DELL\\Documents\\APPS\\flux\\fluxpay\\main\\backend\\src\\utils\\ensure-token-account.ts": {"path":"C:\\Users\\DELL\\Documents\\APPS\\flux\\fluxpay\\main\\backend\\src\\utils\\ensure-token-account.ts","statementMap":{"0":{"start":{"line":45,"column":0},"end":{"line":45,"column":16}},"1":{"start":{"line":104,"column":0},"end":{"line":104,"column":7}},"2":{"start":{"line":209,"column":0},"end":{"line":209,"column":7}},"3":{"start":{"line":243,"column":0},"end":{"line":243,"column":7}},"4":{"start":{"line":13,"column":0},"end":{"line":13,"column":null}},"5":{"start":{"line":22,"column":0},"end":{"line":22,"column":63}},"6":{"start":{"line":23,"column":0},"end":{"line":23,"column":34}},"7":{"start":{"line":28,"column":25},"end":{"line":28,"column":85}},"8":{"start":{"line":31,"column":30},"end":{"line":31,"column":90}},"9":{"start":{"line":34,"column":36},"end":{"line":34,"column":97}},"10":{"start":{"line":37,"column":24},"end":{"line":37,"column":69}},"11":{"start":{"line":50,"column":20},"end":{"line":52,"column":null}},"12":{"start":{"line":54,"column":2},"end":{"line":54,"column":17}},"13":{"start":{"line":68,"column":2},"end":{"line":79,"column":5}},"14":{"start":{"line":110,"column":2},"end":{"line":116,"column":3}},"15":{"start":{"line":111,"column":4},"end":{"line":115,"column":6}},"16":{"start":{"line":118,"column":17},"end":{"line":118,"column":45}},"17":{"start":{"line":119,"column":15},"end":{"line":119,"column":41}},"18":{"start":{"line":122,"column":21},"end":{"line":122,"column":64}},"19":{"start":{"line":124,"column":2},"end":{"line":196,"column":3}},"20":{"start":{"line":125,"column":4},"end":{"line":177,"column":7}},"21":{"start":{"line":127,"column":26},"end":{"line":127,"column":69}},"22":{"start":{"line":129,"column":6},"end":{"line":136,"column":7}},"23":{"start":{"line":130,"column":8},"end":{"line":130,"column":126}},"24":{"start":{"line":131,"column":8},"end":{"line":135,"column":10}},"25":{"start":{"line":139,"column":6},"end":{"line":139,"column":141}},"26":{"start":{"line":141,"column":32},"end":{"line":145,"column":null}},"27":{"start":{"line":148,"column":26},"end":{"line":148,"column":66}},"28":{"start":{"line":150,"column":50},"end":{"line":150,"column":98}},"29":{"start":{"line":151,"column":6},"end":{"line":151,"column":46}},"30":{"start":{"line":152,"column":6},"end":{"line":152,"column":62}},"31":{"start":{"line":153,"column":6},"end":{"line":153,"column":52}},"32":{"start":{"line":156,"column":6},"end":{"line":156,"column":37}},"33":{"start":{"line":158,"column":26},"end":{"line":160,"column":null}},"34":{"start":{"line":164,"column":6},"end":{"line":167,"column":8}},"35":{"start":{"line":169,"column":6},"end":{"line":169,"column":110}},"36":{"start":{"line":171,"column":6},"end":{"line":176,"column":8}},"37":{"start":{"line":180,"column":4},"end":{"line":187,"column":5}},"38":{"start":{"line":181,"column":6},"end":{"line":181,"column":98}},"39":{"start":{"line":182,"column":6},"end":{"line":186,"column":8}},"40":{"start":{"line":189,"column":4},"end":{"line":189,"column":140}},"41":{"start":{"line":190,"column":4},"end":{"line":195,"column":6}},"42":{"start":{"line":216,"column":27},"end":{"line":216,"column":29}},"43":{"start":{"line":219,"column":25},"end":{"line":219,"column":97}},"44":{"start":{"line":220,"column":2},"end":{"line":222,"column":3}},"45":{"start":{"line":221,"column":4},"end":{"line":221,"column":91}},"46":{"start":{"line":229,"column":2},"end":{"line":231,"column":3}},"47":{"start":{"line":230,"column":4},"end":{"line":230,"column":67}},"48":{"start":{"line":233,"column":2},"end":{"line":236,"column":4}},"49":{"start":{"line":247,"column":2},"end":{"line":247,"column":51}},"50":{"start":{"line":247,"column":39},"end":{"line":247,"column":51}},"51":{"start":{"line":249,"column":2},"end":{"line":259,"column":3}},"52":{"start":{"line":250,"column":19},"end":{"line":250,"column":47}},"53":{"start":{"line":251,"column":17},"end":{"line":251,"column":43}},"54":{"start":{"line":252,"column":23},"end":{"line":252,"column":66}},"55":{"start":{"line":254,"column":23},"end":{"line":254,"column":38}},"56":{"start":{"line":255,"column":24},"end":{"line":255,"column":67}},"57":{"start":{"line":256,"column":4},"end":{"line":256,"column":32}},"58":{"start":{"line":258,"column":4},"end":{"line":258,"column":17}}},"fnMap":{"0":{"name":"getAssociatedTokenAddressSync","decl":{"start":{"line":45,"column":16},"end":{"line":45,"column":45}},"loc":{"start":{"line":48,"column":46},"end":{"line":55,"column":1}}},"1":{"name":"buildCreateATAInstruction","decl":{"start":{"line":61,"column":9},"end":{"line":61,"column":34}},"loc":{"start":{"line":66,"column":46},"end":{"line":80,"column":1}}},"2":{"name":"ensureTokenAccountExists","decl":{"start":{"line":104,"column":22},"end":{"line":104,"column":46}},"loc":{"start":{"line":107,"column":23},"end":{"line":197,"column":1}}},"3":{"name":"(anonymous_3)","decl":{"start":{"line":125,"column":30},"end":{"line":125,"column":35}},"loc":{"start":{"line":125,"column":51},"end":{"line":177,"column":5}}},"4":{"name":"ensureSwapATAs","decl":{"start":{"line":209,"column":22},"end":{"line":209,"column":36}},"loc":{"start":{"line":214,"column":23},"end":{"line":237,"column":1}}},"5":{"name":"tokenAccountExists","decl":{"start":{"line":243,"column":22},"end":{"line":243,"column":40}},"loc":{"start":{"line":245,"column":21},"end":{"line":260,"column":1}}}},"branchMap":{"0":{"loc":{"start":{"line":48,"column":2},"end":{"line":48,"column":46}},"type":"default-arg","locations":[{"start":{"line":48,"column":30},"end":{"line":48,"column":46}}]},"1":{"loc":{"start":{"line":66,"column":2},"end":{"line":66,"column":46}},"type":"default-arg","locations":[{"start":{"line":66,"column":30},"end":{"line":66,"column":46}}]},"2":{"loc":{"start":{"line":110,"column":2},"end":{"line":116,"column":3}},"type":"if","locations":[{"start":{"line":110,"column":2},"end":{"line":116,"column":3}}]},"3":{"loc":{"start":{"line":129,"column":6},"end":{"line":136,"column":7}},"type":"if","locations":[{"start":{"line":129,"column":6},"end":{"line":136,"column":7}}]},"4":{"loc":{"start":{"line":180,"column":4},"end":{"line":187,"column":5}},"type":"if","locations":[{"start":{"line":180,"column":4},"end":{"line":187,"column":5}}]},"5":{"loc":{"start":{"line":180,"column":8},"end":{"line":180,"column":94}},"type":"binary-expr","locations":[{"start":{"line":180,"column":8},"end":{"line":180,"column":49}},{"start":{"line":180,"column":53},"end":{"line":180,"column":94}}]},"6":{"loc":{"start":{"line":220,"column":2},"end":{"line":222,"column":3}},"type":"if","locations":[{"start":{"line":220,"column":2},"end":{"line":222,"column":3}}]},"7":{"loc":{"start":{"line":220,"column":6},"end":{"line":220,"column":62}},"type":"binary-expr","locations":[{"start":{"line":220,"column":6},"end":{"line":220,"column":35}},{"start":{"line":220,"column":39},"end":{"line":220,"column":62}}]},"8":{"loc":{"start":{"line":229,"column":2},"end":{"line":231,"column":3}},"type":"if","locations":[{"start":{"line":229,"column":2},"end":{"line":231,"column":3}}]},"9":{"loc":{"start":{"line":247,"column":2},"end":{"line":247,"column":51}},"type":"if","locations":[{"start":{"line":247,"column":2},"end":{"line":247,"column":51}}]}},"s":{"0":1,"1":1,"2":1,"3":1,"4":1,"5":1,"6":1,"7":1,"8":1,"9":1,"10":1,"11":0,"12":0,"13":0,"14":0,"15":0,"16":0,"17":0,"18":0,"19":0,"20":0,"21":0,"22":0,"23":0,"24":0,"25":0,"26":0,"27":0,"28":0,"29":0,"30":0,"31":0,"32":0,"33":0,"34":0,"35":0,"36":0,"37":0,"38":0,"39":0,"40":0,"41":0,"42":0,"43":0,"44":0,"45":0,"46":0,"47":0,"48":0,"49":0,"50":0,"51":0,"52":0,"53":0,"54":0,"55":0,"56":0,"57":0,"58":0},"f":{"0":0,"1":0,"2":0,"3":0,"4":0,"5":0},"b":{"0":[0],"1":[0],"2":[0],"3":[0],"4":[0],"5":[0,0],"6":[0],"7":[0,0],"8":[0],"9":[0]}}
,"C:\\Users\\DELL\\Documents\\APPS\\flux\\fluxpay\\main\\backend\\src\\utils\\logger.ts": {"path":"C:\\Users\\DELL\\Documents\\APPS\\flux\\fluxpay\\main\\backend\\src\\utils\\logger.ts","statementMap":{"0":{"start":{"line":1,"column":0},"end":{"line":1,"column":30}},"1":{"start":{"line":3,"column":60},"end":{"line":3,"column":74}},"2":{"start":{"line":5,"column":13},"end":{"line":16,"column":3}}},"fnMap":{},"branchMap":{"0":{"loc":{"start":{"line":6,"column":9},"end":{"line":6,"column":40}},"type":"binary-expr","locations":[{"start":{"line":6,"column":9},"end":{"line":6,"column":30}},{"start":{"line":6,"column":34},"end":{"line":6,"column":40}}]}},"s":{"0":5,"1":5,"2":5},"f":{},"b":{"0":[5,5]}}
,"C:\\Users\\DELL\\Documents\\APPS\\flux\\fluxpay\\main\\backend\\src\\utils\\sol-buffer.ts": {"path":"C:\\Users\\DELL\\Documents\\APPS\\flux\\fluxpay\\main\\backend\\src\\utils\\sol-buffer.ts","statementMap":{"0":{"start":{"line":65,"column":0},"end":{"line":65,"column":7}},"1":{"start":{"line":126,"column":0},"end":{"line":126,"column":7}},"2":{"start":{"line":145,"column":0},"end":{"line":145,"column":7}},"3":{"start":{"line":18,"column":0},"end":{"line":18,"column":51}},"4":{"start":{"line":19,"column":0},"end":{"line":19,"column":76}},"5":{"start":{"line":20,"column":0},"end":{"line":20,"column":41}},"6":{"start":{"line":25,"column":31},"end":{"line":25,"column":36}},"7":{"start":{"line":28,"column":33},"end":{"line":28,"column":36}},"8":{"start":{"line":31,"column":40},"end":{"line":31,"column":49}},"9":{"start":{"line":34,"column":30},"end":{"line":34,"column":37}},"10":{"start":{"line":37,"column":23},"end":{"line":37,"column":27}},"11":{"start":{"line":66,"column":30},"end":{"line":66,"column":61}},"12":{"start":{"line":67,"column":33},"end":{"line":67,"column":38}},"13":{"start":{"line":69,"column":2},"end":{"line":80,"column":3}},"14":{"start":{"line":70,"column":23},"end":{"line":70,"column":38}},"15":{"start":{"line":73,"column":4},"end":{"line":75,"column":6}},"16":{"start":{"line":77,"column":4},"end":{"line":77,"column":132}},"17":{"start":{"line":79,"column":4},"end":{"line":79,"column":93}},"18":{"start":{"line":82,"column":2},"end":{"line":88,"column":3}},"19":{"start":{"line":84,"column":4},"end":{"line":84,"column":65}},"20":{"start":{"line":85,"column":4},"end":{"line":85,"column":92}},"21":{"start":{"line":87,"column":4},"end":{"line":87,"column":91}},"22":{"start":{"line":92,"column":30},"end":{"line":93,"column":null}},"23":{"start":{"line":97,"column":27},"end":{"line":97,"column":67}},"24":{"start":{"line":98,"column":25},"end":{"line":98,"column":63}},"25":{"start":{"line":99,"column":24},"end":{"line":99,"column":46}},"26":{"start":{"line":100,"column":26},"end":{"line":100,"column":31}},"27":{"start":{"line":103,"column":19},"end":{"line":103,"column":86}},"28":{"start":{"line":104,"column":25},"end":{"line":104,"column":59}},"29":{"start":{"line":105,"column":30},"end":{"line":105,"column":74}},"30":{"start":{"line":107,"column":2},"end":{"line":107,"column":215}},"31":{"start":{"line":109,"column":2},"end":{"line":116,"column":4}},"32":{"start":{"line":129,"column":17},"end":{"line":129,"column":43}},"33":{"start":{"line":131,"column":28},"end":{"line":131,"column":78}},"34":{"start":{"line":132,"column":27},"end":{"line":132,"column":76}},"35":{"start":{"line":133,"column":21},"end":{"line":133,"column":42}},"36":{"start":{"line":135,"column":2},"end":{"line":135,"column":50}},"37":{"start":{"line":148,"column":17},"end":{"line":148,"column":43}},"38":{"start":{"line":149,"column":28},"end":{"line":149,"column":91}},"39":{"start":{"line":150,"column":20},"end":{"line":150,"column":56}},"40":{"start":{"line":152,"column":2},"end":{"line":156,"column":4}}},"fnMap":{"0":{"name":"calculateSolBuffer","decl":{"start":{"line":65,"column":22},"end":{"line":65,"column":40}},"loc":{"start":{"line":65,"column":40},"end":{"line":117,"column":1}}},"1":{"name":"getMaxSwapAmountSol","decl":{"start":{"line":126,"column":22},"end":{"line":126,"column":41}},"loc":{"start":{"line":127,"column":31},"end":{"line":136,"column":1}}},"2":{"name":"hasEnoughSolForFees","decl":{"start":{"line":145,"column":22},"end":{"line":145,"column":41}},"loc":{"start":{"line":146,"column":31},"end":{"line":157,"column":1}}}},"branchMap":{},"s":{"0":1,"1":1,"2":1,"3":1,"4":1,"5":1,"6":1,"7":1,"8":1,"9":1,"10":1,"11":0,"12":0,"13":0,"14":0,"15":0,"16":0,"17":0,"18":0,"19":0,"20":0,"21":0,"22":0,"23":0,"24":0,"25":0,"26":0,"27":0,"28":0,"29":0,"30":0,"31":0,"32":0,"33":0,"34":0,"35":0,"36":0,"37":0,"38":0,"39":0,"40":0},"f":{"0":0,"1":0,"2":0},"b":{}}
,"C:\\Users\\DELL\\Documents\\APPS\\flux\\fluxpay\\main\\backend\\src\\utils\\token-registry.ts": {"path":"C:\\Users\\DELL\\Documents\\APPS\\flux\\fluxpay\\main\\backend\\src\\utils\\token-registry.ts","statementMap":{"0":{"start":{"line":98,"column":0},"end":{"line":98,"column":16}},"1":{"start":{"line":118,"column":0},"end":{"line":118,"column":16}},"2":{"start":{"line":127,"column":0},"end":{"line":127,"column":16}},"3":{"start":{"line":136,"column":0},"end":{"line":136,"column":16}},"4":{"start":{"line":144,"column":0},"end":{"line":144,"column":16}},"5":{"start":{"line":152,"column":0},"end":{"line":152,"column":16}},"6":{"start":{"line":16,"column":13},"end":{"line":87,"column":2}},"7":{"start":{"line":92,"column":53},"end":{"line":92,"column":55}},"8":{"start":{"line":104,"column":26},"end":{"line":110,"column":4}},"9":{"start":{"line":111,"column":2},"end":{"line":111,"column":40}},"10":{"start":{"line":119,"column":16},"end":{"line":119,"column":36}},"11":{"start":{"line":120,"column":2},"end":{"line":120,"column":67}},"12":{"start":{"line":128,"column":23},"end":{"line":128,"column":95}},"13":{"start":{"line":128,"column":65},"end":{"line":128,"column":94}},"14":{"start":{"line":129,"column":2},"end":{"line":129,"column":40}},"15":{"start":{"line":129,"column":20},"end":{"line":129,"column":40}},"16":{"start":{"line":130,"column":2},"end":{"line":130,"column":93}},"17":{"start":{"line":130,"column":54},"end":{"line":130,"column":83}},"18":{"start":{"line":137,"column":16},"end":{"line":137,"column":36}},"19":{"start":{"line":138,"column":2},"end":{"line":138,"column":63}},"20":{"start":{"line":145,"column":16},"end":{"line":145,"column":40}},"21":{"start":{"line":146,"column":2},"end":{"line":146,"column":42}},"22":{"start":{"line":153,"column":2},"end":{"line":153,"column":91}}},"fnMap":{"0":{"name":"registerToken","decl":{"start":{"line":98,"column":16},"end":{"line":98,"column":29}},"loc":{"start":{"line":103,"column":1},"end":{"line":112,"column":1}}},"1":{"name":"getTokenBySymbol","decl":{"start":{"line":118,"column":16},"end":{"line":118,"column":32}},"loc":{"start":{"line":118,"column":47},"end":{"line":121,"column":1}}},"2":{"name":"getTokenByMint","decl":{"start":{"line":127,"column":16},"end":{"line":127,"column":30}},"loc":{"start":{"line":127,"column":50},"end":{"line":131,"column":1}}},"3":{"name":"(anonymous_3)","decl":{"start":{"line":128,"column":58},"end":{"line":128,"column":59}},"loc":{"start":{"line":128,"column":65},"end":{"line":128,"column":94}}},"4":{"name":"(anonymous_4)","decl":{"start":{"line":130,"column":47},"end":{"line":130,"column":48}},"loc":{"start":{"line":130,"column":54},"end":{"line":130,"column":83}}},"5":{"name":"isSupportedToken","decl":{"start":{"line":136,"column":16},"end":{"line":136,"column":32}},"loc":{"start":{"line":136,"column":47},"end":{"line":139,"column":1}}},"6":{"name":"getMintAddress","decl":{"start":{"line":144,"column":16},"end":{"line":144,"column":30}},"loc":{"start":{"line":144,"column":45},"end":{"line":147,"column":1}}},"7":{"name":"getAllTokenSymbols","decl":{"start":{"line":152,"column":16},"end":{"line":152,"column":34}},"loc":{"start":{"line":152,"column":34},"end":{"line":154,"column":1}}}},"branchMap":{"0":{"loc":{"start":{"line":120,"column":9},"end":{"line":120,"column":66}},"type":"binary-expr","locations":[{"start":{"line":120,"column":9},"end":{"line":120,"column":30}},{"start":{"line":120,"column":34},"end":{"line":120,"column":58}},{"start":{"line":120,"column":62},"end":{"line":120,"column":66}}]},"1":{"loc":{"start":{"line":129,"column":2},"end":{"line":129,"column":40}},"type":"if","locations":[{"start":{"line":129,"column":2},"end":{"line":129,"column":40}}]},"2":{"loc":{"start":{"line":130,"column":9},"end":{"line":130,"column":92}},"type":"binary-expr","locations":[{"start":{"line":130,"column":9},"end":{"line":130,"column":84}},{"start":{"line":130,"column":88},"end":{"line":130,"column":92}}]},"3":{"loc":{"start":{"line":138,"column":9},"end":{"line":138,"column":62}},"type":"binary-expr","locations":[{"start":{"line":138,"column":9},"end":{"line":138,"column":32}},{"start":{"line":138,"column":36},"end":{"line":138,"column":62}}]},"4":{"loc":{"start":{"line":146,"column":9},"end":{"line":146,"column":41}},"type":"cond-expr","locations":[{"start":{"line":146,"column":17},"end":{"line":146,"column":34}},{"start":{"line":146,"column":37},"end":{"line":146,"column":41}}]}},"s":{"0":2,"1":2,"2":2,"3":2,"4":2,"5":2,"6":2,"7":2,"8":0,"9":0,"10":5,"11":5,"12":0,"13":0,"14":0,"15":0,"16":0,"17":0,"18":0,"19":0,"20":4,"21":4,"22":0},"f":{"0":0,"1":5,"2":0,"3":0,"4":0,"5":0,"6":4,"7":0},"b":{"0":[5,2,2],"1":[0],"2":[0,0],"3":[0,0],"4":[2,2]}}
}
