TN:
SF:src\config\solana.ts
FN:22,getRpcEndpoints
FN:44,getConnections
FN:48,(anonymous_2)
FN:64,getConnection
FN:75,withFailover
FN:110,getRecommendedPriorityFee
FN:121,(anonymous_6)
FN:122,(anonymous_7)
FN:123,(anonymous_8)
FN:144,getNetwork
FN:151,isMainnet
FN:158,getSolscanUrl
FNF:12
FNH:0
FNDA:0,getRpcEndpoints
FNDA:0,getConnections
FNDA:0,(anonymous_2)
FNDA:0,getConnection
FNDA:0,withFailover
FNDA:0,getRecommendedPriorityFee
FNDA:0,(anonymous_6)
FNDA:0,(anonymous_7)
FNDA:0,(anonymous_8)
FNDA:0,getNetwork
FNDA:0,isMainnet
FNDA:0,getSolscanUrl
DA:1,1
DA:11,1
DA:12,1
DA:16,1
DA:23,0
DA:24,0
DA:31,0
DA:38,1
DA:45,0
DA:46,0
DA:47,0
DA:49,0
DA:54,0
DA:58,0
DA:64,1
DA:65,0
DA:75,1
DA:78,0
DA:79,0
DA:81,0
DA:82,0
DA:83,0
DA:85,0
DA:86,0
DA:89,0
DA:90,0
DA:99,0
DA:110,1
DA:111,0
DA:112,0
DA:113,0
DA:115,0
DA:116,0
DA:120,0
DA:121,0
DA:122,0
DA:123,0
DA:125,0
DA:126,0
DA:129,0
DA:132,0
DA:134,0
DA:135,0
DA:144,1
DA:145,0
DA:151,1
DA:152,0
DA:158,1
DA:159,0
DA:160,0
DA:161,0
LF:51
LH:11
BRDA:16,0,0,1
BRDA:16,0,1,0
BRDA:23,1,0,0
BRDA:23,2,0,0
BRDA:23,2,1,0
BRDA:25,3,0,0
BRDA:25,3,1,0
BRDA:26,4,0,0
BRDA:26,4,1,0
BRDA:27,5,0,0
BRDA:27,5,1,0
BRDA:32,6,0,0
BRDA:32,6,1,0
BRDA:45,7,0,0
BRDA:89,8,0,0
BRDA:99,9,0,0
BRDA:99,9,1,0
BRDA:115,10,0,0
BRDA:115,11,0,0
BRDA:115,11,1,0
BRDA:125,12,0,0
BRDA:152,13,0,0
BRDA:152,13,1,0
BRDA:160,14,0,0
BRDA:160,14,1,0
BRF:25
BRH:1
end_of_record
TN:
SF:src\middleware\auth.middleware.ts
FN:13,(anonymous_0)
FNF:1
FNH:1
FNDA:4,(anonymous_0)
DA:1,1
DA:3,1
DA:4,1
DA:7,1
DA:13,1
DA:18,4
DA:19,4
DA:21,4
DA:22,1
DA:23,1
DA:26,3
DA:29,3
DA:30,3
DA:31,1
DA:32,1
DA:36,2
DA:41,2
DA:42,0
DA:43,0
DA:46,2
DA:48,1
DA:49,1
DA:50,1
DA:54,1
DA:61,1
DA:63,0
DA:64,0
LF:27
LH:23
BRDA:21,0,0,1
BRDA:21,1,0,4
BRDA:21,1,1,3
BRDA:30,2,0,1
BRDA:41,3,0,0
BRDA:46,4,0,1
BRF:6
BRH:5
end_of_record
TN:
SF:src\middleware\idempotency.ts
FN:5,(anonymous_0)
FN:36,(anonymous_1)
FN:39,(anonymous_2)
FNF:3
FNH:2
FNDA:3,(anonymous_0)
FNDA:1,(anonymous_1)
FNDA:0,(anonymous_2)
DA:2,1
DA:3,1
DA:5,1
DA:6,3
DA:8,3
DA:9,1
DA:10,1
DA:13,2
DA:14,0
DA:15,0
DA:20,2
DA:21,2
DA:23,2
DA:25,2
DA:27,2
DA:28,1
DA:29,1
DA:30,1
DA:31,1
DA:35,1
DA:36,1
DA:39,1
DA:40,0
DA:42,1
DA:45,1
DA:47,0
LF:26
LH:22
BRDA:8,0,0,1
BRDA:13,1,0,0
BRDA:20,2,0,2
BRDA:20,2,1,2
BRDA:27,3,0,1
BRDA:28,4,0,1
BRDA:28,4,1,1
BRF:7
BRH:6
end_of_record
TN:
SF:src\services\alert.service.ts
FN:24,(anonymous_0)
FN:47,(anonymous_1)
FN:62,(anonymous_2)
FN:77,(anonymous_3)
FN:93,(anonymous_4)
FN:108,(anonymous_5)
FN:124,(anonymous_6)
FN:141,(anonymous_7)
FN:163,(anonymous_8)
FN:182,(anonymous_9)
FNF:10
FNH:3
FNDA:3,(anonymous_0)
FNDA:2,(anonymous_1)
FNDA:0,(anonymous_2)
FNDA:0,(anonymous_3)
FNDA:1,(anonymous_4)
FNDA:0,(anonymous_5)
FNDA:0,(anonymous_6)
FNDA:0,(anonymous_7)
FNDA:0,(anonymous_8)
FNDA:0,(anonymous_9)
DA:1,3
DA:2,3
DA:3,3
DA:19,3
DA:25,3
DA:26,3
DA:27,0
DA:28,0
DA:31,3
DA:32,3
DA:38,2
DA:39,0
DA:42,1
DA:48,2
DA:63,0
DA:78,0
DA:79,0
DA:94,1
DA:109,0
DA:125,0
DA:126,0
DA:147,0
DA:164,0
DA:165,0
DA:167,0
DA:183,0
LF:26
LH:12
BRDA:2,0,0,3
BRDA:2,0,1,2
BRDA:3,1,0,3
BRDA:3,1,1,2
BRDA:26,2,0,0
BRDA:38,3,0,0
BRDA:78,4,0,0
BRDA:102,5,0,1
BRDA:102,5,1,0
BRDA:125,6,0,0
BRDA:153,7,0,0
BRDA:153,7,1,0
BRDA:157,8,0,0
BRDA:157,8,1,0
BRDA:164,9,0,0
BRDA:164,9,1,0
BRDA:165,10,0,0
BRDA:165,10,1,0
BRDA:175,11,0,0
BRDA:175,11,1,0
BRF:20
BRH:5
end_of_record
TN:
SF:src\services\jupiter.service.ts
FN:78,getSwapQuote
FN:117,(anonymous_1)
FN:142,getSlippageForAttempt
FN:163,buildNonCustodialSwapTx
FN:203,getSwapStatus
FN:209,(anonymous_5)
FN:250,processSwapIfNeeded
FN:301,sleep
FN:302,(anonymous_8)
FN:317,getJupiterQuote
FN:359,buildJupiterSwapTransaction
FN:405,getTokenBalances
FN:447,(anonymous_12)
FNF:13
FNH:2
FNDA:2,getSwapQuote
FNDA:0,(anonymous_1)
FNDA:0,getSlippageForAttempt
FNDA:1,buildNonCustodialSwapTx
FNDA:0,getSwapStatus
FNDA:0,(anonymous_5)
FNDA:0,processSwapIfNeeded
FNDA:0,sleep
FNDA:0,(anonymous_8)
FNDA:0,getJupiterQuote
FNDA:0,buildJupiterSwapTransaction
FNDA:0,getTokenBalances
FNDA:0,(anonymous_12)
DA:1,1
DA:19,1
DA:24,1
DA:25,1
DA:26,1
DA:29,1
DA:31,1
DA:32,1
DA:33,1
DA:34,1
DA:35,1
DA:38,1
DA:78,1
DA:84,2
DA:85,2
DA:87,2
DA:88,1
DA:89,1
DA:93,1
DA:94,1
DA:95,0
DA:96,0
DA:100,1
DA:102,1
DA:103,1
DA:104,1
DA:105,1
DA:106,1
DA:107,1
DA:108,1
DA:109,1
DA:111,1
DA:113,1
DA:117,1
DA:118,1
DA:120,1
DA:121,0
DA:122,0
DA:125,1
DA:128,1
DA:130,1
DA:135,0
DA:136,0
DA:144,0
DA:151,0
DA:163,1
DA:168,1
DA:169,1
DA:184,1
DA:185,0
DA:186,0
DA:187,0
DA:190,1
DA:191,1
DA:193,0
DA:194,0
DA:203,1
DA:208,0
DA:209,0
DA:210,0
DA:214,0
DA:216,0
DA:217,0
DA:220,0
DA:221,0
DA:225,0
DA:227,0
DA:233,0
DA:250,1
DA:258,0
DA:260,0
DA:262,0
DA:270,0
DA:277,0
DA:281,0
DA:285,0
DA:296,0
DA:302,0
DA:306,1
DA:317,1
DA:318,0
DA:319,0
DA:321,0
DA:331,0
DA:332,0
DA:334,0
DA:335,0
DA:336,0
DA:337,0
DA:340,0
DA:342,0
DA:349,0
DA:351,0
DA:352,0
DA:359,1
DA:360,0
DA:361,0
DA:371,0
DA:377,0
DA:378,0
DA:379,0
DA:380,0
DA:383,0
DA:385,0
DA:386,0
DA:388,0
DA:390,0
DA:392,0
DA:393,0
DA:400,1
DA:401,1
DA:403,1
DA:405,1
DA:406,0
DA:408,0
DA:409,0
DA:410,0
DA:413,0
DA:414,0
DA:415,0
DA:416,0
DA:418,0
DA:419,0
DA:422,0
DA:424,0
DA:429,0
DA:442,0
DA:443,0
DA:444,0
DA:445,0
DA:447,0
DA:458,0
DA:460,0
DA:461,0
LF:134
LH:52
BRDA:31,0,0,1
BRDA:31,0,1,0
BRDA:82,1,0,2
BRDA:87,2,0,1
BRDA:87,3,0,2
BRDA:87,3,1,1
BRDA:94,4,0,0
BRDA:120,5,0,0
BRDA:151,6,0,0
BRDA:151,6,1,0
BRDA:184,7,0,0
BRDA:191,8,0,1
BRDA:191,8,1,0
BRDA:216,9,0,0
BRDA:220,10,0,0
BRDA:225,11,0,0
BRDA:225,11,1,0
BRDA:258,12,0,0
BRDA:317,13,0,0
BRDA:317,14,0,0
BRDA:318,15,0,0
BRDA:318,15,1,0
BRDA:319,16,0,0
BRDA:319,16,1,0
BRDA:334,17,0,0
BRDA:377,18,0,0
BRDA:403,19,0,1
BRDA:403,19,1,0
BRDA:444,20,0,0
BRDA:447,21,0,0
BRDA:447,21,1,0
BRF:31
BRH:7
end_of_record
TN:
SF:src\services\nonCustodialSwap.service.ts
FN:71,loadFluxPayGasWallet
FN:98,checkMerchantSolBalance
FN:102,(anonymous_2)
FN:128,getSlippageForAttempt
FN:153,getNonCustodialQuote
FN:219,buildSwapTransaction
FN:566,processNonCustodialSwapIfNeeded
FN:637,updatePaymentSuccess
FN:667,sleep
FN:668,(anonymous_10)
FNF:10
FNH:3
FNDA:0,loadFluxPayGasWallet
FNDA:1,checkMerchantSolBalance
FNDA:1,(anonymous_2)
FNDA:0,getSlippageForAttempt
FNDA:0,getNonCustodialQuote
FNDA:0,buildSwapTransaction
FNDA:1,processNonCustodialSwapIfNeeded
FNDA:0,updatePaymentSuccess
FNDA:0,sleep
FNDA:0,(anonymous_10)
DA:1,1
DA:22,1
DA:28,1
DA:29,1
DA:30,1
DA:31,1
DA:32,1
DA:34,1
DA:36,1
DA:37,1
DA:38,1
DA:39,1
DA:42,1
DA:72,0
DA:73,0
DA:74,0
DA:77,0
DA:78,0
DA:79,0
DA:80,0
DA:83,0
DA:84,0
DA:86,0
DA:88,0
DA:98,1
DA:101,1
DA:102,1
DA:103,1
DA:104,1
DA:105,1
DA:107,1
DA:108,0
DA:115,1
DA:118,0
DA:130,0
DA:137,0
DA:153,1
DA:159,0
DA:160,0
DA:162,0
DA:163,0
DA:164,0
DA:168,0
DA:169,0
DA:170,0
DA:171,0
DA:175,0
DA:177,0
DA:178,0
DA:179,0
DA:180,0
DA:181,0
DA:182,0
DA:183,0
DA:185,0
DA:187,0
DA:191,0
DA:192,0
DA:193,0
DA:194,0
DA:197,0
DA:199,0
DA:204,0
DA:205,0
DA:219,1
DA:232,0
DA:233,0
DA:238,0
DA:239,0
DA:240,0
DA:241,0
DA:243,0
DA:246,0
DA:247,0
DA:248,0
DA:249,0
DA:252,0
DA:257,0
DA:258,0
DA:263,0
DA:267,0
DA:268,0
DA:278,0
DA:280,0
DA:287,0
DA:288,0
DA:289,0
DA:290,0
DA:293,0
DA:295,0
DA:296,0
DA:297,0
DA:300,0
DA:306,0
DA:307,0
DA:328,1
DA:337,0
DA:338,0
DA:341,0
DA:342,0
DA:343,0
DA:346,0
DA:352,0
DA:361,0
DA:370,0
DA:373,0
DA:374,0
DA:375,0
DA:376,0
DA:378,0
DA:379,0
DA:381,0
DA:386,0
DA:389,0
DA:391,0
DA:396,0
DA:397,0
DA:398,0
DA:401,0
DA:402,0
DA:404,0
DA:406,0
DA:408,0
DA:417,0
DA:418,0
DA:423,0
DA:424,0
DA:425,0
DA:427,0
DA:428,0
DA:437,0
DA:438,0
DA:439,0
DA:440,0
DA:441,0
DA:443,0
DA:447,0
DA:448,0
DA:449,0
DA:450,0
DA:453,0
DA:456,0
DA:457,0
DA:460,0
DA:461,0
DA:464,0
DA:465,0
DA:467,0
DA:472,0
DA:475,0
DA:477,0
DA:482,0
DA:483,0
DA:484,0
DA:485,0
DA:486,0
DA:488,0
DA:492,0
DA:494,0
DA:496,0
DA:498,0
DA:500,0
DA:508,0
DA:509,0
DA:511,0
DA:520,0
DA:521,0
DA:527,0
DA:529,0
DA:540,0
DA:545,0
DA:551,0
DA:566,1
DA:575,1
DA:577,1
DA:579,1
DA:587,1
DA:591,1
DA:595,0
DA:599,0
DA:607,0
DA:617,0
DA:618,0
DA:626,0
DA:630,0
DA:645,0
DA:660,0
DA:668,0
LF:188
LH:30
BRDA:36,0,0,1
BRDA:36,0,1,1
BRDA:73,1,0,0
BRDA:78,2,0,0
BRDA:83,3,0,0
BRDA:107,4,0,0
BRDA:137,5,0,0
BRDA:137,5,1,0
BRDA:157,6,0,0
BRDA:162,7,0,0
BRDA:162,8,0,0
BRDA:162,8,1,0
BRDA:169,9,0,0
BRDA:191,10,0,0
BRDA:225,11,0,0
BRDA:233,12,0,0
BRDA:239,13,0,0
BRDA:239,13,1,0
BRDA:241,14,0,0
BRDA:241,14,1,0
BRDA:248,15,0,0
BRDA:257,16,0,0
BRDA:287,17,0,0
BRDA:295,18,0,0
BRDA:342,19,0,0
BRDA:373,20,0,0
BRDA:396,21,0,0
BRDA:396,21,1,0
BRDA:417,22,0,0
BRDA:417,22,1,0
BRDA:437,23,0,0
BRDA:440,24,0,0
BRDA:441,25,0,0
BRDA:441,25,1,0
BRDA:447,26,0,0
BRDA:482,27,0,0
BRDA:485,28,0,0
BRDA:486,29,0,0
BRDA:486,29,1,0
BRDA:508,30,0,0
BRDA:508,30,1,0
BRDA:520,31,0,0
BRDA:521,32,0,0
BRDA:521,32,1,0
BRDA:575,33,0,1
BRDA:617,34,0,0
BRDA:643,35,0,0
BRF:47
BRH:3
end_of_record
TN:
SF:src\utils\ensure-token-account.ts
FN:45,getAssociatedTokenAddressSync
FN:61,buildCreateATAInstruction
FN:104,ensureTokenAccountExists
FN:125,(anonymous_3)
FN:209,ensureSwapATAs
FN:243,tokenAccountExists
FNF:6
FNH:0
FNDA:0,getAssociatedTokenAddressSync
FNDA:0,buildCreateATAInstruction
FNDA:0,ensureTokenAccountExists
FNDA:0,(anonymous_3)
FNDA:0,ensureSwapATAs
FNDA:0,tokenAccountExists
DA:13,1
DA:22,1
DA:23,1
DA:28,1
DA:31,1
DA:34,1
DA:37,1
DA:45,1
DA:50,0
DA:54,0
DA:68,0
DA:104,1
DA:110,0
DA:111,0
DA:118,0
DA:119,0
DA:122,0
DA:124,0
DA:125,0
DA:127,0
DA:129,0
DA:130,0
DA:131,0
DA:139,0
DA:141,0
DA:148,0
DA:150,0
DA:151,0
DA:152,0
DA:153,0
DA:156,0
DA:158,0
DA:164,0
DA:169,0
DA:171,0
DA:180,0
DA:181,0
DA:182,0
DA:189,0
DA:190,0
DA:209,1
DA:216,0
DA:219,0
DA:220,0
DA:221,0
DA:229,0
DA:230,0
DA:233,0
DA:243,1
DA:247,0
DA:249,0
DA:250,0
DA:251,0
DA:252,0
DA:254,0
DA:255,0
DA:256,0
DA:258,0
LF:58
LH:11
BRDA:48,0,0,0
BRDA:66,1,0,0
BRDA:110,2,0,0
BRDA:129,3,0,0
BRDA:180,4,0,0
BRDA:180,5,0,0
BRDA:180,5,1,0
BRDA:220,6,0,0
BRDA:220,7,0,0
BRDA:220,7,1,0
BRDA:229,8,0,0
BRDA:247,9,0,0
BRF:12
BRH:0
end_of_record
TN:
SF:src\utils\logger.ts
FNF:0
FNH:0
DA:1,5
DA:3,5
DA:5,5
LF:3
LH:3
BRDA:6,0,0,5
BRDA:6,0,1,5
BRF:2
BRH:2
end_of_record
TN:
SF:src\utils\sol-buffer.ts
FN:65,calculateSolBuffer
FN:126,getMaxSwapAmountSol
FN:145,hasEnoughSolForFees
FNF:3
FNH:0
FNDA:0,calculateSolBuffer
FNDA:0,getMaxSwapAmountSol
FNDA:0,hasEnoughSolForFees
DA:18,1
DA:19,1
DA:20,1
DA:25,1
DA:28,1
DA:31,1
DA:34,1
DA:37,1
DA:65,1
DA:66,0
DA:67,0
DA:69,0
DA:70,0
DA:73,0
DA:77,0
DA:79,0
DA:82,0
DA:84,0
DA:85,0
DA:87,0
DA:92,0
DA:97,0
DA:98,0
DA:99,0
DA:100,0
DA:103,0
DA:104,0
DA:105,0
DA:107,0
DA:109,0
DA:126,1
DA:129,0
DA:131,0
DA:132,0
DA:133,0
DA:135,0
DA:145,1
DA:148,0
DA:149,0
DA:150,0
DA:152,0
LF:41
LH:11
BRF:0
BRH:0
end_of_record
TN:
SF:src\utils\token-registry.ts
FN:98,registerToken
FN:118,getTokenBySymbol
FN:127,getTokenByMint
FN:128,(anonymous_3)
FN:130,(anonymous_4)
FN:136,isSupportedToken
FN:144,getMintAddress
FN:152,getAllTokenSymbols
FNF:8
FNH:2
FNDA:0,registerToken
FNDA:5,getTokenBySymbol
FNDA:0,getTokenByMint
FNDA:0,(anonymous_3)
FNDA:0,(anonymous_4)
FNDA:0,isSupportedToken
FNDA:4,getMintAddress
FNDA:0,getAllTokenSymbols
DA:16,2
DA:92,2
DA:98,2
DA:104,0
DA:111,0
DA:118,2
DA:119,5
DA:120,5
DA:127,2
DA:128,0
DA:129,0
DA:130,0
DA:136,2
DA:137,0
DA:138,0
DA:144,2
DA:145,4
DA:146,4
DA:152,2
DA:153,0
LF:20
LH:12
BRDA:120,0,0,5
BRDA:120,0,1,2
BRDA:120,0,2,2
BRDA:129,1,0,0
BRDA:130,2,0,0
BRDA:130,2,1,0
BRDA:138,3,0,0
BRDA:138,3,1,0
BRDA:146,4,0,2
BRDA:146,4,1,2
BRF:10
BRH:5
end_of_record
